{"__ans__": true, "question_key": "AAEAALPskzeH7yEqd7o+nDWmMJnjAPedwWOaxnGKWO0ZXGsF"}
{"__ans__": false, "question_key": "AAEAAHEQVYlZKgSpQS8mBq+KbEub/3t6ZNM499LteT5pB3Jn"}
{"__ans__": true, "question_key": "AAEAAIeZ7pY7t0sR9VSLrTtWKHCmJjBUHC0Yz4hUe0YkBMnR"}
{"__ans__": true, "question_key": "AAEAACpB/hzmkfEH6s7huJ/7yn/tVAjAifycHwWk9K+jEghP"}
{"__ans__": true, "question_key": "AAEAAO7W8rDeYnf7guojquJzlYsxBmrRhkju59O8ldYTJoZD"}
{"__ans__": true, "question_key": "AAEAAPUILM8NI7NbdPykXL2OWplpMgVMNW5J3qFnz+ItL3vi"}
{"__ans__": true, "question_key": "AAEAAKl5Zo5th2ITO6/VXcmdc0uL7IVDos/0qpB6OfatHc22"}
{"__ans__": true, "question_key": "AAEAAKgUumloFT+1AVoZn5jePkNvVCaPb6ZC4mb1ekkc66cH"}
{"__ans__": true, "question_key": "AAEAAGWlt8XiN9Mm+Z2yn8vfl+A9LQozQ7nKcLzkxSGziI5D"}
{"__ans__": true, "question_key": "AAEAAEykZlHAsNVKnTvT3yyikPjOzI6Z0jFfB3Kha/kT2iJO"}
{"__ans__": true, "question_key": "AAEAABBm06ZRgKlSXxMZrTtR3+P7j284wbrSxkXrKSHAbc4k"}
{"__ans__": true, "question_key": "AAEAALFULB7+KOHednzNLL0ctHy0Fdxfs97MnCOfElY+YWMQ"}
{"__ans__": true, "question_key": "AAEAABMATPgX9biU/uVgDUuqXVaRk0JGT1lq1yfR4UrjUfIq"}
{"__ans__": true, "question_key": "AAEAAGKZskLNubsMEYHxYD+aIUZqSubMMcghanfpRPWl0NnY"}
{"__ans__": true, "question_key": "AAEAAIW6MeQlL6nLv0Hif6tn8rE+kaPDNh3waMgvERUfs8pU"}
{"__ans__": true, "question_key": "AAEAAEtZ7SR2Ui9FFRsF4/DjTiRJo0zEaq8XwXUfsU8/4acS"}
{"__ans__": true, "question_key": "AAEAAFBQ2pM18/IBc/SzqT+F4V1M5m/8kfPetP7LEC9PBDY2"}
{"__ans__": true, "question_key": "AAEAAPLUNJzyi/EG7p00tXbYGQL7bSZh3mRkzCwhZze2VhHS"}
{"__ans__": true, "question_key": "AAEAAB7kolPz9839vqR0yshGb4x35zGUS9ul+wRGaHX8ZaJB"}
{"__ans__": false, "question_key": "AAEAABbk6j5pa3tXP7l8M3z9DitvYADUtQ4XoeRpbspVnSDp"}
{"__ans__": true, "question_key": "AAEAAH2Hl7yS4IsaP6EQfMxXea1UZLBHUqwFGf4wSmBQIl8D"}
{"__ans__": true, "question_key": "AAEAACfXQaTrRnhZ7VU2VLZSkkG2ep6QB+VA5SkN6Jrtai0p"}
{"__ans__": false, "question_key": "AAEAAK5ofidPa0txoRVgkYouHecO+mkJiD4MqYTck2pYmejJ"}
{"__ans__": false, "question_key": "AAEAALBpHK6Aq/HFB4hsYxsG4G/VoKZdD3unn1h6DHtzJjf7"}
{"__ans__": false, "question_key": "AAEAAOxEsPtnVKU5FA/7VTwZigikgojY9VMWNyZ7tfZoTZgx"}
{"__ans__": true, "question_key": "AAEAAF288biKGNrJnIQM8T65aifV4rYSROir1DtymtQBkKRB"}
{"__ans__": false, "question_key": "AAEAAODR0i8ubpoM3K37fjY3ANQxe0MXZwn0SuF/FcRNtZTL"}
{"__ans__": true, "question_key": "AAEAAAEoyo4YdoovYU9Yppf5rM7i5J5CoxvSKx2tgDuF2we5"}
{"__ans__": true, "question_key": "AAEAAC5+C+No06hkXhfPOB0GEg23mfkGJGBJUxrWssR95lx5"}
{"__ans__": true, "question_key": "AAEAAOm+L8RC963SybMxQ+TamqHReIC5zTia9lUkVixw1F/O"}
{"__ans__": false, "question_key": "AAEAAC/Gxccl3QU5mjm1ied+SEvikXfdUOAvkLHTAEltW1FQ"}
{"__ans__": false, "question_key": "AAEAAF/WYfH99wwC1md81oSqea4NXFJhgLqNLxkDmJ2oVc4T"}
{"__ans__": false, "question_key": "AAEAAB0H6oETsNyVNlnuCZEdVsrCwXa0tsN/FH1bPnf6GvLJ"}
{"__ans__": false, "question_key": "AAEAAINKK/MX/stpvqQ68V6mim5wWxnvDopdVvPa615qvSt7"}
{"__ans__": false, "question_key": "AAEAABrZFny0b1QZ1EMTheNToj/B7ENIWdJh1wIf3TyG1FEm"}
{"__ans__": false, "question_key": "AAEAAPnk+O7zgloFEL3M3kxrEN0I5WQp0ikiFtimENnF85bm"}
{"__ans__": true, "question_key": "AAEAABMGv4C1iGSzoa0nr4vBN1nCuW32wnSxBDnNttWTSKfh"}
{"__ans__": true, "question_key": "AAEAAMxgOHhA7HmxSW0OmYKJkjdDwgljwzsvWOM5c70/xwHP"}
{"__ans__": false, "question_key": "AAEAAHdP0pa9M/y7YkvHgq2uHf+Kg0hH/fGFdYyfZZiXcaGm"}
{"__ans__": false, "question_key": "AAEAABQ20geWoCWVwBjF1gVjJ68vBu5oPrUEqvHtwdjOR/hQ"}
{"__ans__": false, "question_key": "AAEAAEsNyhqykBooSDDN+/PLyrmrB1I2PLVbHHVDlnOwXeyP"}
{"__ans__": false, "question_key": "AAEAAOVWfpGB+lyUoexPTGSGqCKJ+JjIECEs8Fw0b3T3thl4"}
{"__ans__": true, "question_key": "AAEAAKz1VadGuP2i2oZepF9a747ptjiRxhq2LsenGzmtCeM4"}
{"__ans__": false, "question_key": "AAEAAFXjUyduTdRxXMcAe1Bo8Y6c9RU5RvatlItgS405CuF4"}
{"__ans__": false, "question_key": "AAEAALka4dYS4+nfJEdeYSBRbSU/eAbbJQuPwSbxAAwJXi3C"}
{"__ans__": true, "question_key": "AAEAAG2Vtf8bKJ99/hNpRcqgZK/NbSDcK70WLPTSW2Pbkuqz"}
{"__ans__": true, "question_key": "AAEAAJi62AiY/UsgeuvHp5cxQInAbyfRN8q9R80LzOSUkG2H"}
{"__ans__": false, "question_key": "AAEAACPRSbbJvMtHZkK2WJ4Wx8WZ1QbSnUX/F7ZYyXp6+qhd"}
{"__ans__": true, "question_key": "AAEAALzyhF5am5zrP2a96I2Gf7aRyCLluJzry8eEu6MdRf/p"}
{"__ans__": true, "question_key": "AAEAAB8AIBLvgfgCPY/M4PgmVB9u5mbvAN0EIgkMKQCA85Fj"}
{"__ans__": true, "question_key": "AAEAAL6EFwMEQsFaS7eY5jGJ34Uy3DqWNIqh6bY2s+KFNZov"}
{"__ans__": true, "question_key": "AAEAAM/xNpuXHJpRokxcYc0hoWcLcAi6A1BuY5FNKpKFFBmV"}
{"__ans__": false, "question_key": "AAEAAFvBNf9oLqDi/3rjrNXY7FocPKvaTl9ijobLXu/A6AcV"}
{"__ans__": true, "question_key": "AAEAAIMsL3FNF9W2cz3nwxfdAxLwEMuHHQ4MzBvKml1yop8J"}
{"__ans__": false, "question_key": "AAEAAAahaT4sLMacBHSTXjNCn6gcXCPduM1Xy18FkCJgIMbV"}
{"__ans__": true, "question_key": "AAEAAAulZ8rt/ygJ9BMVFe6ZG+ZOjxN+cRM9g7FviGmUvNV4"}
{"__ans__": false, "question_key": "AAEAACeXS0XkBwgmFWzU7d1BSN0yM644gg8tISAsxXdxF8P7"}
{"__ans__": true, "question_key": "AAEAABr7ATHlnjPOylK+frqYw3b37DzPLW6DU6ieuyiN+pMM"}
{"__ans__": false, "question_key": "AAEAALSkZa5+KY+STTS5zcIRCs43UnwgSlERcffV/Kknfepo"}
{"__ans__": true, "question_key": "AAEAAExeKZ2d1qX8mEG7k/0yW9wRWtP+SspsAAu0OM4JJVX2"}
{"__ans__": false, "question_key": "AAEAAGZxNY7eUoreDLmPV5W7pSw6aVWwPdkYJJyNoU/7RCYu"}
{"__ans__": true, "question_key": "AAEAAMpZoUoeeKstOe1yozPQpQD9JidRW+80ey2frOnIayQM"}
{"__ans__": true, "question_key": "AAEAAHAnAirP5o04IE6hMx6jz0didtBn4dOc2s4xwovQ5vXZ"}
{"__ans__": true, "question_key": "AAEAAJztwkP9VJB+YDz2IYlbiON1nlKzKZs/dnK3AVAOvehv"}
{"__ans__": true, "question_key": "AAEAAHNmAWzf8+JuNq5wkrfwfVpShwUyRDyWC/JzV0gX+wsa"}
{"__ans__": true, "question_key": "AAEAAG0icQxjAfviPe0bYp4thPXq6Mnbhfi6qJ89aSY+BCvS"}
{"__ans__": false, "question_key": "AAEAAJIpkxgNV+f8nVyLqIf+Xy4LpaC7iZJ/W1NLHRBPKVle"}
{"__ans__": false, "question_key": "AAEAAAEl4DbhLHH22q+JsWVMD9Vi6UZC3cuFKcgcDc9Xk8U0"}
{"__ans__": true, "question_key": "AAEAAPSnJ8g6Vq0FnPUm23IQ14LXvHhvqN7027m5BISaA5JB"}
{"__ans__": true, "question_key": "AAEAAOnFpPFUF7IHGY7XXdq/aLjE/gqoW0R4+m2+grBJ0Nba"}
{"__ans__": false, "question_key": "AAEAABAGIDd2uaO8vOlUSwmjjpKIAi5ifUn0qTGi7ZVEbzVL"}
{"__ans__": false, "question_key": "AAEAAHo4fEQ6I1CWW8WUss595IlIqjOv0TqFM81Z2izlq6TS"}
{"__ans__": false, "question_key": "AAEAAB0ZgoQW6FmT4ptFztSPMEs3Hcn0M8Q3dUug57a5Pje1"}
{"__ans__": false, "question_key": "AAEAABf8v4wumY3WE0MvWdA3gVLsAn1PePC1T16p9tNbh8//"}
{"__ans__": false, "question_key": "AAEAAPL+1VxH+mAPKXKKAmTGnFxVUWvVLTuO2+o85xTz8Bsg"}
{"__ans__": true, "question_key": "AAEAAMswrkCm3pgZqLO8JVlwvxR1ok7vm06d+SUqvvJWPgLO"}
{"__ans__": false, "question_key": "AAEAAIoWqMbKCaW/giNwj+x/YfyHwib+IfKbWwpsJehVWdjD"}
{"__ans__": true, "question_key": "AAEAAP6v308gvG46ktXyrcJJkAwOQX7/dDLNmGAojIrBRWGi"}
{"__ans__": true, "question_key": "AAEAAAx5vbTwxwvu4bfwx1mxl4ApEblkjOjylocTSnVLFP2c"}
{"__ans__": true, "question_key": "AAEAAHYPQ72VQo9Q450stN1R4vDbIl8NCpqXz+Hg24MXcy9U"}
{"__ans__": true, "question_key": "AAEAAK+DHELD1W+y7U5E4bufA6lCz918ub4BkixHbungrA0E"}
{"__ans__": true, "question_key": "AAEAAK9KndQ4MvVhvLRiRC40jJ7aghFChvkcF0/Jkrp9bm3m"}
{"__ans__": false, "question_key": "AAEAAFVJ7srZjpTDpvmU5+P/ajRJDeXinhTsxhKdY099zHGb"}
{"__ans__": false, "question_key": "AAEAAK7BI/ifez42GBaEkmZA3HEpr193NfGIh0ORczjZqYR2"}
{"__ans__": false, "question_key": "AAEAANTMqT9bcfxfvS/cMBlGBA61ICYLFtPAXVlhXv14pWir"}
{"__ans__": true, "question_key": "AAEAALpF1Y51zVrGjM+64nANSs3MzI2qGD04vWKZnM7SLpVq"}
{"__ans__": false, "question_key": "AAEAAMTjKFIX3qJwPUfuMDfilxc4ZRAEmFWcc/0ok+cgJMZr"}
{"__ans__": true, "question_key": "AAEAAMDms3TcosYPtnFcDf9FBJjXCYE9xs+MyyDVlGCJRPnS"}
{"__ans__": false, "question_key": "AAEAAGnahl96E98IOAVqkRB+mpjBj+bqbC368wtYXIrfOyCf"}
{"__ans__": false, "question_key": "AAEAAEGiegB4ykIorGUIho2NbxckP5SsUPTBStRm6gI8vBfY"}
{"__ans__": false, "question_key": "AAEAAPOqfQITO+tOz6waA8tRODfdEv27qimjPewbt7ULoXb/"}
{"__ans__": true, "question_key": "AAEAABXXeFqLJbWm3ba5Ack3cfhCDeyU0tEJQSaQ90aWdC/s"}
{"__ans__": true, "question_key": "AAEAACGOLetob+JDp2q2i8soeImH/dMm6eFadmNSFMwJbeHv"}
{"__ans__": false, "question_key": "AAEAAHGuN0mqc7EQrLnwGX2lDSM62zhb8jUpkGurU342mtxr"}
{"__ans__": true, "question_key": "AAEAAAVdvTw6YMwPEwxj8qfLES7C3gtffh2Ko/SeZtwNgHMM"}
{"__ans__": false, "question_key": "AAEAADF9eVHkbe1IJeF5st4/DQvg0Uo+F+CD/xwIqpexAP2+"}
{"__ans__": true, "question_key": "AAEAAOdACoz/eSRsbLs0mIrIIkrBtV3aVKaoEF50t2qSvGTr"}
{"__ans__": false, "question_key": "AAEAAN2JBfNBmEutbHT1aWJ1DojA4A9L50EmBb+VpsGZd9TQ"}
{"__ans__": true, "question_key": "AAEAADDELrASKGf+vlLxxGRTfPpZN8d5zu6O4/Tt9/bQb9Ui"}
{"__ans__": false, "question_key": "AAEAALXeYNHePjqrLWSVSZV2tbc50THeOAfNNUV+1PLB+2FN"}
{"__ans__": true, "question_key": "AAEAAMEO9ZlDKdBSerOMTpt2FNGmxVt+wbyLVyNW+9gjzmyu"}
{"__ans__": true, "question_key": "AAEAACydr+VnQbGvIiVmybvhgGcZ+RJMzOg++TSBh7wgyvyY"}
{"__ans__": false, "question_key": "AAEAAOcgz98NB4RtHGp2laB/+4V9OF8lnffX5UnK8sYg/MMq"}
{"__ans__": true, "question_key": "AAEAAGgFkWXxOAt9nfkDDM1OuKVQMNiTAT8ywes3ktYSSSpy"}
{"__ans__": false, "question_key": "AAEAAJCYexCPNAiif+Ge9BWp8wni4IxS3d/Kk8/MbcVwLxE6"}
{"__ans__": false, "question_key": "AAEAAHgLCWe5Jx+/iCp7PGWJaxImwdxXRIRvDesiiaQ+4vx8"}
{"__ans__": false, "question_key": "AAEAAPqsxGXvqeaUSL/cz6lov/j/gLLCoXaL9Y5nM2WSq3zW"}
{"__ans__": true, "question_key": "AAEAABiQhD7eE5HjTPGirc8tUvHixXXRNkPzBTwoUBSLjMoD"}
{"__ans__": true, "question_key": "AAEAAEMDP+N/0JTRThlWPzvsph+Fu1YHXMMz/wot4MseoPA+"}
{"__ans__": true, "question_key": "AAEAAKnn8CkP5HME+0D00H7jR6jYetyawk3sgWLEZ+36U7lB"}
{"__ans__": false, "question_key": "AAEAAFa6sfwZe9oCVzAqq9n4uUtnhy0cMQ9909b8NHyH8EGs"}
{"__ans__": false, "question_key": "AAEAAPKX4ixmxscxcu4klo4xWgfJr62kIeX3Lh2AiTK8JE82"}
{"__ans__": true, "question_key": "AAEAABdcWB9F9ddYd5s25UCl5TscTEcNtSJkNGtcQvcDgyU4"}
{"__ans__": false, "question_key": "AAEAAHyEytyJr8VUTDVSFiIgEwKzz1cKH+0O4g4SXj3FZOTr"}
{"__ans__": true, "question_key": "AAEAAG/QvgIIpF4CpLeWIl6sMWFVow0GHr5DZulIjPEQZnnT"}
{"__ans__": true, "question_key": "AAEAAKM9VVTy68x6rXj+VkB4SM3nHjTWE8jc0GgVkLNFOAiD"}
{"__ans__": false, "question_key": "AAEAAAQFOI33TtGYub8uMeDSntkBBjkx8DdkOAAGzHx5BuG5"}
{"__ans__": false, "question_key": "AAEAAJnWUhbvcOXLyder2LNnT5mj0VIejtt4pm6ZOljY/H9z"}
{"__ans__": true, "question_key": "AAEAAJJLzjBK6O6i69Ux6x8EGIwiaRDrBq8jUWblIsUwmtle"}
{"__ans__": true, "question_key": "AAEAADv7YrHq5FgO0AacD520v/DG4ZSMoETh2D+lgduUf7xs"}
{"__ans__": false, "question_key": "AAEAAEB7iJbPFgpw5UjjjBOeYjsu+MUJGNjmiAhD9oidR6xc"}
{"__ans__": false, "question_key": "AAEAAJSYF0+OL525lDn/fuM6eCynl+s3/Co8mekpAZAovji1"}
{"__ans__": true, "question_key": "AAEAAB/mkShMW3zA2nPDKW6yk0r0bqz0ZaJw6S6L8ADtZfvJ"}
{"__ans__": false, "question_key": "AAEAAL6pJRLfqM8w1QRrLbqnPUcVsVme0WxKx0mr4LAMvyV9"}
{"__ans__": false, "question_key": "AAEAAGBkav/zAvdIoroHl/uHvRQuIUSdMeVxMDI0KIywdOwj"}
{"__ans__": false, "question_key": "AAEAAM/6KY7JPFCbxQZTDJEtFSW+FGa7SSg8OQOVR/g985gC"}
{"__ans__": false, "question_key": "AAEAAHNWUUkpeUS5/nA2Nl+J204zZYWQGsxjpYPzgBI3yAWE"}
{"__ans__": true, "question_key": "AAEAALrk+g2LehbXXrYgpdIJiUaivRSjV4HrbQdg6o4r3NPH"}
{"__ans__": true, "question_key": "AAEAAFIXRPembjFAGEuSY6J3VinSOSKaI7jxDI10EBJNnmWZ"}
{"__ans__": false, "question_key": "AAEAAPdYIhThMUDk2QxZMlLA4Bjxxcyn+YF4yYUNnjkDwFMV"}
{"__ans__": false, "question_key": "AAEAAJwAha4JvJkHmfFhsU3VDYOabifcbc+yZ5qwSAnk0uMu"}
{"__ans__": false, "question_key": "AAEAAHiCqad/kkyjuURnH8Df0fmSe6NiQZ6Dpy5KG+DTVBlP"}
{"__ans__": true, "question_key": "AAEAAPUNp0LNhAzTpLDZBcJGjEWjDglBmFbQ6w8Vn1iFTBVZ"}
{"__ans__": false, "question_key": "AAEAAF7gL53OEPKaB79EaeD6LOQkZ99YRiYZk9X1RIsBN/g/"}
{"__ans__": false, "question_key": "AAEAANS5GL9IHtEh2UiUMhulnAZqrnQaYUDq8qEgo4IuaFV7"}
{"__ans__": true, "question_key": "AAEAAP/d/SLoB+jQ/TRFhROgchaBNVCtu77RjJgNvTNey9uy"}
{"__ans__": true, "question_key": "AAEAAEVYfi9ZHekUn1JRN3JhYMuJrDYU6gkjM1+Q1MKsjmAU"}
{"__ans__": false, "question_key": "AAEAANJLuo9oT2SPHzQhhLYn7uEz0mHd3+ZZjePQPsiJtBfR"}
{"__ans__": true, "question_key": "AAEAADn3GxqRpsUKqITs8gmWtJQ9q/EUIZHPvtp8xBTcbWdD"}
{"__ans__": false, "question_key": "AAEAANxqRtvoaWRqIxeYOac4C7VG8Egq6afmrcLh0xMRCpct"}
{"__ans__": true, "question_key": "AAEAAK9lSbwRJLTnSPQ15UDJeFobaACRZskh/iEAbsh4ieKT"}
{"__ans__": true, "question_key": "AAEAAM0qd/ivGHeQNe/JpZlNRr/BAhB9wk/5RSX5C0kNxbyL"}
{"__ans__": false, "question_key": "AAEAAIBLhQ66xs8lcCBd62goq3l5uDrHantmtn3RqJYYzLSp"}
{"__ans__": false, "question_key": "AAEAAMTGig1pQoT4DXGQVhFaQ/fPVwGJO6zFvrNKXymxbJv4"}
{"__ans__": false, "question_key": "AAEAAMbnovGl1mskmEFhPv2lvHAVdKXJkoLNSrDTCoNDo10P"}
{"__ans__": false, "question_key": "AAEAAFoQcB4OtGDKpeg1y3ASIjQViDR9M8bYc75N8pk1ila/"}
{"__ans__": false, "question_key": "AAEAAPvH3ODmbbJ2zejlko4VCaAdvUtCWJ5VLpJfe9R9tMTN"}
{"__ans__": false, "question_key": "AAEAANGOqbUUzMoMy2Thq/bKsVQMiUt1CcNkD4f4JSmdD6WQ"}
{"__ans__": false, "question_key": "AAEAADb9aAOkwIUzeCiN+rOVoPyx7T8u8PiJO3trfgZBWwYl"}
{"__ans__": true, "question_key": "AAEAABpQv10wDjl6CtQAogB3o7mtcBgYBVOjyW7ssODeO58g"}
{"__ans__": true, "question_key": "AAEAAOCaExc1RAi+IElci+kj0qlgy7lQLI+QCvzJyRXOwwEC"}
{"__ans__": true, "question_key": "AAEAADf8UEpNb0xeYeJ0iGeoGQUTKovYBCKQtfLugZlAXKUk"}
{"__ans__": false, "question_key": "AAEAAHSPDtmYLY+b90VaRNvdPpmG+lObXMo8/5H8WwidP6t6"}
{"__ans__": true, "question_key": "AAEAAD8+8qILNOASMsoy0gDOEEgmbldU1MhUHly6pNjPdniD"}
{"__ans__": true, "question_key": "AAEAADMA461E/OQn91o/OYWP6r+oj/f277AgOaZUNGDRGulw"}
{"__ans__": false, "question_key": "AAEAANT5P/LeUt26ORR777H8UlUdd4D23qOi7Z5Kh7K6gOUj"}
{"__ans__": true, "question_key": "AAEAACl6c6D4I8j3J+grAohhHo2DfT7jFay8/bm1Ex1b6HH/"}
{"__ans__": true, "question_key": "AAEAAK3TfvpeNDt9fonvxbIE/RMgY1JPSdRX3U7ZXDTq93C4"}
{"__ans__": false, "question_key": "AAEAADsEIEOZ9C97jvn59JS4YDsaGHOTOVqlUYlVExyvnF+O"}
{"__ans__": true, "question_key": "AAEAAHMKZ5Qb7UvySphcd8uL3sHCHNRiGqzupesxt9SMA5Mj"}
{"__ans__": true, "question_key": "AAEAAILyce4oDhsbmnhpzUy9Og5gKKH/AhdnfGeuS7gPzEJp"}
{"__ans__": false, "question_key": "AAEAABxGoBj8Mzux/DPlQIgkv5uiZlvEe49Oz91lb4LhfZW5"}
{"__ans__": true, "question_key": "AAEAAK1uv7EhQacMvLMGVmR8X7eYBcG9zLq1VMTVQcfLXW70"}
{"__ans__": true, "question_key": "AAEAAChUBSVkQoIQkrUt0Blrn0RP9dW5az7uhP1k3MsZBo35"}
{"__ans__": false, "question_key": "AAEAAFIpIanqAUhpJCsB/FtAZGBQ+q3ha2VXu9rp3LV4ugdx"}
{"__ans__": false, "question_key": "AAEAAIzrFSAJuZtkBJ2wB1Z/eFPt8AwTZzl9Doie7XxLjtgM"}
{"__ans__": false, "question_key": "AAEAAOGM5wfT+l8kgqNc78ziUYjCm7hptqBTM1SWfP4x3DJ3"}
{"__ans__": true, "question_key": "AAEAAG3J2GxP230brsD3kUJO2EsugQIOR5yhV9d8NNb2emk/"}
{"__ans__": false, "question_key": "AAEAACrA9R235PjXN1lkH3+n1wuAl6U6F0jT+xol+fONIhjg"}
{"__ans__": true, "question_key": "AAEAAONaEwA0WdHUFU2YNBDlH6/pOK/dUMI3rxpcq34CAlu+"}
{"__ans__": true, "question_key": "AAEAAJyK392OIyP8NipXskmZXVR+RC72GS1tRQoR5HksWjBN"}
{"__ans__": false, "question_key": "AAEAAFIRwVySCZciSmWNUG5BQ4xUdmEshqXY8BG2nLqD8EWu"}
{"__ans__": true, "question_key": "AAEAAHH6bA/YaPEmxQQTZhDUzSmDcwvqg90EvWXxNJhzjOpv"}
{"__ans__": false, "question_key": "AAEAABzo90yzsBOgT305ynUFn9ZcZ0N8fwl5JkK3+b+bxvRo"}
{"__ans__": false, "question_key": "AAEAAObGh3HnjxF441Xiyu7mUtf9S4gGvSaM2P2wByNuhgxm"}
{"__ans__": true, "question_key": "AAEAAId04iHSKaquy+cz08yPtPTdfPoQ7PMlGp22vW2A/QQU"}
{"__ans__": true, "question_key": "AAEAAHTRYkFVMfhafhDhXgZ6RvMuKt2KzEUy4qoL8wXm8IIf"}
{"__ans__": true, "question_key": "AAEAABcXC8hzldYVT/M7iJND+SrsQ9CDQtJCEM71yEoDamOL"}
{"__ans__": true, "question_key": "AAEAAOnwC9a30FEhVx6xNYPHEO3Dx2FL3vYodG/izZ8KzNNK"}
{"__ans__": false, "question_key": "AAEAACPPeneeOcmiH94Gt1KoLGKtaDwLOsY792tcEnvaWbdc"}
{"__ans__": true, "question_key": "AAEAAAhbg7C9ZKRFmRgeAFnKFEnNhzp1JjkGqffaQAKpuBIM"}
{"__ans__": true, "question_key": "AAEAAE5c2oqi28Eqjg9gDR+5dzMvJlJ0Y2uDTqj2NXXEZOrR"}
{"__ans__": false, "question_key": "AAEAAKH3xivNhxWwReNvuc58xisFq0wARIbpLzE1szro3xxm"}
{"__ans__": true, "question_key": "AAEAALYkkzUhGZyw99JwW05QG/A13du2pvce0XfryTAWHtfP"}
{"__ans__": true, "question_key": "AAEAALDn6F42wVTYn4AA4gYy6nC3XyJheY+3FrsriK4INBGD"}
{"__ans__": true, "question_key": "AAEAACbMJDwBZEyPhVfhceSG0RWvutjiSpbIyrAvHPPk075x"}
{"__ans__": false, "question_key": "AAEAALe1KptyJm6M5oOWM4EwFkX93RUeJPkn5rT/sFQAZoqi"}
{"__ans__": false, "question_key": "AAEAAFx+/Qsu86PVT8rX1Tb0jxU4iWkO5DFDKDQa4ZDo/q+Q"}
{"__ans__": false, "question_key": "AAEAABcDSywSL5PIWJyoafk8R5uSul4IUe+rEZipr88TVGw2"}
{"__ans__": true, "question_key": "AAEAAJw2Kxw9ZbEePRz5CZsQ0ahmB8+hWiKV1fJ0o0UubiSN"}
{"__ans__": false, "question_key": "AAEAALW33XmuJwwBdX4psY9ziOhtyxQiF3NGe+GtfI6ePN+A"}
{"__ans__": false, "question_key": "AAEAAHEr5w1p5E9M9kvSFbzjyDTfLw4meu1uiCHQBvmmCllH"}
{"__ans__": false, "question_key": "AAEAAHEF+0FuKiwPsUT3JO3IDFXQFRRbjoujMWiKGAXItUzD"}
{"__ans__": false, "question_key": "AAEAAMAO7B35qf5Zp/200kbHW4/KuitamZnKDU7om0NAWe63"}
{"__ans__": false, "question_key": "AAEAAHe6ottOsBlh6h+tnTya+LoXEsOJLTOyv1KNnSNgLRKp"}
{"__ans__": false, "question_key": "AAEAALOW41uZ3/5TMQKwb8Z/c6t6aJjWpjWwJwEm8DlEQN6p"}
{"__ans__": true, "question_key": "AAEAAFLYmQBJIxJpIEnPR5/EsubsAKlxY+KlXx1m7zNxKboK"}
{"__ans__": false, "question_key": "AAEAAPHsxD40i15Fk/B7VwwKq6+VuimuFqmaVL1DwROdABVs"}
{"__ans__": true, "question_key": "AAEAAOEaX3fYRnDyuNVQB8ohUP0TQ2dmY1P0Ns9GFuJLF9xO"}
{"__ans__": true, "question_key": "AAEAADUHClDeB6o9sImEI2MxTP1FN7W63Q5w2bCQqDnCKjUZ"}
{"__ans__": true, "question_key": "AAEAADdSc5MVgxBXnv9Qz7F2RnR2ZC0mQpCUN2lE/sYL/TGV"}
{"__ans__": true, "question_key": "AAEAABkOFljcqmg6CPOxpKiYCyES4+ZArpJQJcejdWTiPear"}
{"__ans__": false, "question_key": "AAEAADtHgMI75ex6sy3cilNKJ154AzPq+sKZOLvHFBdQosOA"}
{"__ans__": false, "question_key": "AAEAALTCLlkivIL9QL7EwXABBxN5zOPQhYuuUdcyy5jrGrUL"}
{"__ans__": false, "question_key": "AAEAAG7dev5OIesTwrMSls2jBBVeKUH7MQUajARLkgHfbiR9"}
{"__ans__": true, "question_key": "AAEAADiY+0fr2VWhWjamhMM1vj2jRVcPGmw60bfkVpH/ftl9"}
{"__ans__": false, "question_key": "AAEAAIdtw5b29DFfHRrMSx5Kww1nq5w75tj6+Go4I8NpIi7R"}
{"__ans__": true, "question_key": "AAEAAFz11tR7+FRUwLNl03m7ljKX8yB21qMgZMsmhr89SH3T"}
{"__ans__": true, "question_key": "AAEAANPOWbCzrXvGFO9U/ZsfHDuHK1V05ueXdOVgBjzeUACI"}
{"__ans__": true, "question_key": "AAEAAK0DBmpFcRbNEXVPjeyT9+yLxIH96KTm+fngu/YqnUJv"}
{"__ans__": true, "question_key": "AAEAACA4sP2qdkZIRiCQV2PiftI7uGJLjw+ejXD5WDay8WIR"}
{"__ans__": false, "question_key": "AAEAAJN6CpZXe2p3motvFN6/QjypwTDV4yKF4CV/blgEA+aj"}
{"__ans__": true, "question_key": "AAEAAMQYqo3ZSZiSiEqiA3pggE7oBwmzJ5qPrGAL88E5eIIH"}
{"__ans__": true, "question_key": "AAEAAPy2bhap/P07+3Y/6WP8lq4KyOh/a8G7ViXGIe/h98f5"}
{"__ans__": false, "question_key": "AAEAAPVg8GmnxQ09AMdhKg2t2DHppG1sTNXCvKg5phuDbI9a"}
{"__ans__": true, "question_key": "AAEAACZ/74xWslRJoKstYOEL9HELKUbMfMalr87bO8PMhQeh"}
{"__ans__": true, "question_key": "AAEAAGgZ9tNuJVog0uGOwBsKWMjhknIT8eOh6mYQ2pYIcujy"}
{"__ans__": false, "question_key": "AAEAAFG8wWFqSqHNM0Zyx9GMQ3lcwwbRgztf3OMCUFhsrptW"}
{"__ans__": true, "question_key": "AAEAACFWhpGPe0HRIM1GESQ0aLDRo+yefIf6k1KZsOeNiQwW"}
{"__ans__": false, "question_key": "AAEAALaG3Czs0FimRRhDsXqJGRiVggqMIjvSxLWIK8VTJ67H"}
{"__ans__": false, "question_key": "AAEAAIAcCDPh1lPUr5d/ZcigEAsZYjBGdWPI8jCPlm2vSSHi"}
{"__ans__": false, "question_key": "AAEAAJExA8lz1SN3R2u/wtNarFvdCjaQETGuVSQcWbbz51R+"}
{"__ans__": true, "question_key": "AAEAAJMs/ZkSX3YjYLAtu677R1Ah5QJs7vaiKBe4WUn3nFWY"}
{"__ans__": false, "question_key": "AAEAAG5b9exwstLo5mA8i4w6eDCRq5AHbfJTAAD3oUkMhXkG"}
{"__ans__": true, "question_key": "AAEAABBBtBxS3huUh3eP5hU8fFwbxTFmIoWPanQiAgMJARCw"}
{"__ans__": false, "question_key": "AAEAAAPAlaQjh1mHiYtbctTk7YqEsSdVJ1IPGmqJfn/ubtaM"}
{"__ans__": false, "question_key": "AAEAAMzzFe4DFT+NbELFUIEd92u3p5mRhCugoilEp0ttrgs1"}
{"__ans__": false, "question_key": "AAEAAINQHieoiWaxujy38buA1wjABIaNaZMdF8Ffo2q0uk5g"}
{"__ans__": true, "question_key": "AAEAAIbXGDMJmc9C3TN6SWpQxdEYgzGrE+OzHRMxK5MJNT5S"}
{"__ans__": false, "question_key": "AAEAACroKwVIL7gjLpOpyGhXJLinx1FwH/D2aKjT79uuufiS"}
{"__ans__": true, "question_key": "AAEAACxQxtAF9sllMjRaFuzNB/Bw62l7jIjqexz0UvI+vgy8"}
{"__ans__": true, "question_key": "AAEAAN/FB8y38Uuw1KuG7385iTzGfpokN5ylzwpTrmK+QLpD"}
{"__ans__": true, "question_key": "AAEAAOOfivncOLV4G12gBNky8o8OI7FleL8XVa6VTZOQpTM1"}
{"__ans__": false, "question_key": "AAEAAEpXyGz/d0SikRcECL584Nv1cPpLmMd6b10LVrWdOWRY"}
{"__ans__": false, "question_key": "AAEAAPESUCpSL01GqkmE5SB4ex800H3Icrrxz/qRcPtY5hzH"}
{"__ans__": false, "question_key": "AAEAAF1Ho0YlcmBY6gOU10PMGjq9vfw1NR/ojhCCg2SApBil"}
{"__ans__": true, "question_key": "AAEAANB0d+R+AvevP2yE9R6n7i7o0+VCNjJTfgC+orNW5LsR"}
{"__ans__": true, "question_key": "AAEAAKAY2Ky9ec3GaYxXtSZ98FJz6EujtrvjnDx+xSxUHDaI"}
{"__ans__": false, "question_key": "AAEAADiVCxM7RPFN7CymflAz2dEAcvBAKG5da4pQ0VhrpZSO"}
{"__ans__": false, "question_key": "AAEAAJ8pHxWlBrzMxVERhWPJGTEEn3aKG/wfaWCZOTIudHmP"}
{"__ans__": false, "question_key": "AAEAAJi8o+jG6+wUwHDDBz7NUzqiSdn/7Dm/FZOQfR4acfWD"}
{"__ans__": true, "question_key": "AAEAAAJJPM6EnP/lGjr670e6EAWfXc1lpFS4ZOLcyivItawv"}
{"__ans__": false, "question_key": "AAEAAAtgbUb2UN1pPxPjxsJqqRfilt4ewMPMRfXr/C2pQ8A+"}
{"__ans__": false, "question_key": "AAEAAILJX9OgtCmHGS2EOAiJ7R76t3xLLdpJ9I1+UC3umVg0"}
{"__ans__": false, "question_key": "AAEAANa3KTmu+RM0yEhvz4sA8CrGUSUETQsJxJzgJajDdFoS"}
{"__ans__": false, "question_key": "AAEAAMANX/DWami9ZYEyyp4Er1n8kliBGG9FKB2Soqo8VCVW"}
{"__ans__": false, "question_key": "AAEAAPzgvkwTySPfB7VvD5xF3gMK/yVB5AdVBgUpY5NW3dOL"}
{"__ans__": false, "question_key": "AAEAADJurxnWCPEBH2vgcBI2MS22znwJleoLId3FKQn5ODnW"}
{"__ans__": true, "question_key": "AAEAAK50Z7OiNanu/o2Roz0TqVygdnhV2s2NiyeHyKU0CmAR"}
{"__ans__": true, "question_key": "AAEAAInA+sJzzNYKAsLIKv74H+SZl6ayVTFhB4aIYg1PECli"}
{"__ans__": true, "question_key": "AAEAAM5dFCcHejHJ5CPii1bMCY6/A/tQ5gi/ArVWrqA0UE6u"}
{"__ans__": false, "question_key": "AAEAAMP2KU16WRHQG9xny9DJp/Z+JqV8JRy4YNuOO2p/1G0Z"}
{"__ans__": false, "question_key": "AAEAAE5C31XGgi18sOFisBgj5mdLwvKM4dTUJsJawiShsqYm"}
{"__ans__": true, "question_key": "AAEAAJqLnRYsS5BVBWr7DBYVZTJHDclvd9MhzAhx5tijntCr"}
{"__ans__": false, "question_key": "AAEAAKJSKSpby03K4RKUpYRvaceOizLL4ud8YAKKtJ3lqOLt"}
{"__ans__": false, "question_key": "AAEAAD8RZnz65QBJGU/tqnUbNeUmdDt+dMgzy4kmPnm0bKIi"}
{"__ans__": false, "question_key": "AAEAAFhg37imOFzLpn7KhUaeFPqqfD2W8/gpVslKixBBcrVU"}
{"__ans__": true, "question_key": "AAEAAGv7e1CQQdoKXW4Z+smYa5zSkpxFU5fWmuGSzs6NK368"}
{"__ans__": true, "question_key": "AAEAAKVDCLaF6OJqdM2a8n/y9x8HhssOktm+FUYbRAvrYQyl"}
{"__ans__": true, "question_key": "AAEAAGQumAiAa/u3sPXTRsbrWgw8nh0Y6dAC6EFwq5LhJ8Ud"}
{"__ans__": true, "question_key": "AAEAAHSf+5hZNxVb0NU1qP7l2Lv65tFH2ZSClszQs42i0Zc4"}
{"__ans__": true, "question_key": "AAEAAE9SLFafGw/+zDIWk5X5Fcfanl5DdEkNasH9hyl9mEYT"}
{"__ans__": true, "question_key": "AAEAAEqJ/A1kLSyVuUcOyd/jOfitTaIVtjn0KDpX4Sg+KhLo"}
{"__ans__": false, "question_key": "AAEAAO5J0LpuxZ0T4YG4IKvNHEwRp0qhW4N+cTl07NlSSOng"}
{"__ans__": true, "question_key": "AAEAAO61/+sKUmzt9X6Iyw/nmtnQ79lqkzR8Ra4eRbrchhrc"}
{"__ans__": false, "question_key": "AAEAAIDsILL50DmTCpWIIvtRA4bx3S2WfOdwl7atc01LgXRL"}
{"__ans__": false, "question_key": "AAEAADm67S80wAOD2KF3Qic4X2YlrOKNuvL+hc/Zt5CG8qmG"}
{"__ans__": true, "question_key": "AAEAAOkSWrzZnQ7CuMLblkpANs840MEpPRqF3LgOxP+isFJZ"}
{"__ans__": true, "question_key": "AAEAAFpZ/hIbTbEH3L1463sS6zl+nXSF8unJX5ovR17MeMRw"}
{"__ans__": true, "question_key": "AAEAAGbGLtbP5euevPhgD98yOu57PDGMNimx81680iydd6ia"}
{"__ans__": true, "question_key": "AAEAAI1x/ksisoXWOC0i1001DFFjZnGXYqDbTU2VrHmGOwc2"}
{"__ans__": true, "question_key": "AAEAAL37WAM88LNxDnt6hG1gcdDS9lWI5U2dUHUsWTzuBDN8"}
{"__ans__": false, "question_key": "AAEAAILG/lGi5GX3ENlYUe3Vszk8licyogh5dicK7YGxep7i"}
{"__ans__": true, "question_key": "AAEAAFE/ROmTQ5Eqs+2JnGa4tLSrJ3j3o2DBsf0VL6p//o/v"}
{"__ans__": false, "question_key": "AAEAAEhI1k3TI9uGQmj9oX14RvGfyBYqFuKvbPKGH6GBI7oE"}
{"__ans__": false, "question_key": "AAEAAO/zaB/AoIk6Tp3MzE6rCYpho6gj1jSN5TCJNGqvdoI7"}
{"__ans__": true, "question_key": "AAEAAIkHO/6ZMk8c4BQd8TXy9XcaWEnxtlTvQ8klA4TYW0Us"}
{"__ans__": true, "question_key": "AAEAAJK1Ok7MesG8i0/hctlw028WcndXnJ87T3A9sOTkFGRx"}
{"__ans__": false, "question_key": "AAEAAOXLHJqfoQs1xRk/YP0GK4fbhFlKLkBrrv+YFA/z/sCV"}
{"__ans__": false, "question_key": "AAEAAJ7vmF5jA1LCNiLi2Z43jsP06D3qGQdvUd+1DOQPX5U8"}
{"__ans__": true, "question_key": "AAEAACORNbPZq+3dSx7eMYblP00RyYtanks5b4j8aJZAo0Pv"}
{"__ans__": false, "question_key": "AAEAAMiTLW0TfJKAxiSfY+M0gVr1I1Kktxpq3avXzU5NS4r4"}
{"__ans__": true, "question_key": "AAEAABWdkWVWPrrYdOll/K2jIq3Or6A/iQRDuDx11iz1Yz3p"}
{"__ans__": false, "question_key": "AAEAAN2IxATQRa9VYdovu6P3TcE/DtSpE+hhx47M99aHNEOc"}
{"__ans__": true, "question_key": "AAEAABKthxVEz+imIenwjoT3dbIB5qPRpl+KodDBUXB6NwWN"}
{"__ans__": false, "question_key": "AAEAAI4S6ksdo+PAchFaldFDCkWmT4j1uhfutrkswGUQoEsv"}
{"__ans__": true, "question_key": "AAEAAKP2rlsT7kovwZYsL0kL/+pFG9knrZ4U282fZnwh4m04"}
{"__ans__": false, "question_key": "AAEAAPNORy+02cdFP7JEOKQ7jXjWcb1Gnxr3YUhjS7W3Fn+E"}
{"__ans__": true, "question_key": "AAEAAM73ryUGrgYzqVL5LdKZMrZ36f3EV1KMaz+WMPmxJ6o8"}
{"__ans__": true, "question_key": "AAEAANZDmPmtTI6X77tvnzOgp3kMLf2eXk9QpyFcSdV5GeRz"}
{"__ans__": false, "question_key": "AAEAAMQAs94i+A5VVEvc8g02YTZ03WAZeKgWSrtfWSTVqitC"}
{"__ans__": true, "question_key": "AAEAAFs/7QGPs3x1eZ/RknoR88DJljFf1iQV31Q2URswXaud"}
{"__ans__": true, "question_key": "AAEAAO328vKBh/sSn52Cume/oQDm0vELc9EDLwGl22QewYy6"}
{"__ans__": false, "question_key": "AAEAAJDpcp6fqqr8FGN+NDzxrAYhe4zkn60Kzx9R2/XY3vdR"}
{"__ans__": false, "question_key": "AAEAAGMVfZlXqY53kW4BFHdsx/ZZt8kKgzWCD3aXQCkbi8IE"}
{"__ans__": false, "question_key": "AAEAAAwmwMbMvCjGELuRc31U9b+rQ76+cV1OJosqcc0Kpwdm"}
{"__ans__": false, "question_key": "AAEAACTL9k+nexedxH11wH91+1LNvyH7NQ2asDDMdJwO/s+G"}
{"__ans__": true, "question_key": "AAEAAKV/GiaorwhMXqyj7SqPu1WzPQXtMNRFlx54J24f/Uhb"}
{"__ans__": true, "question_key": "AAEAAOPnv47VghJTPyt5xoTcX+g5k1F7IgbpsBTxTMgy9hMX"}
{"__ans__": false, "question_key": "AAEAAEJMzagYEmRfw3kLfD6256OLR3eBQ9WsBTbls2PLhszf"}
{"__ans__": false, "question_key": "AAEAAAHyQmSAMyDtVaBhdtPHUU5G8NLWZ8FbZXrYAmCHZ8KZ"}
{"__ans__": false, "question_key": "AAEAAFluipFKadGEKLY+zh0zay0Fpa3i2nigoezS0ha3cC6z"}
{"__ans__": true, "question_key": "AAEAABEk61H4M3o+zP7HgnfrT8E3JCoYiqqKYs7/+1tLwPOM"}
{"__ans__": true, "question_key": "AAEAAMailYHnT+wtLSAXky78LAywweSNnxx1kQuditNzfz+u"}
{"__ans__": true, "question_key": "AAEAAOvRnoOjEhFTrOY/+KRX+K2Ppxp/1nppxzNz8bZYiA4n"}
{"__ans__": true, "question_key": "AAEAAKYqmdem5K1pS1WEWwBjmaSFG817CD/mAbF1is7CSOlW"}
{"__ans__": true, "question_key": "AAEAALYr1kDwlc5wR9dw8GvBeWEVRnbTpTPMZ3/q5CT4BxXT"}
{"__ans__": false, "question_key": "AAEAAIv0sPP4mAZbO4We0+iAQkD8WRR8UtovwJLDP0vMrDyD"}
{"__ans__": false, "question_key": "AAEAAB8qMJlGqRyaOyW9eSUSggVEt8N15rnwqiEZnBiL0aWE"}
{"__ans__": false, "question_key": "AAEAAANEyBrzRMca7vjC1hd2WgCSs4AoUDV9L7wn23P9LoaP"}
{"__ans__": false, "question_key": "AAEAACrgJ0jNClUULprOQYcy1NatmUylV1nmFYJwhuVjiBII"}
{"__ans__": true, "question_key": "AAEAAFMLeWoz13SSCF1FWP130jGgPotCGevVJwo/bkv5hHsg"}
{"__ans__": true, "question_key": "AAEAALnFaQwldNyO/UywMVarstmHnnvj2D6c5NxZESstXWGy"}
{"__ans__": false, "question_key": "AAEAAAyMDpET+ZkGNUU9+TCMorpiEKEmtpoVmkUhfEumIPQZ"}
{"__ans__": true, "question_key": "AAEAAA+Kp0B/7yGVzDxhUKJlTTlCkL30TdnDkLz8tr2J/XX9"}
{"__ans__": false, "question_key": "AAEAAOX8Zsgi1AbijY536MSL5GfSXfdQtNYzx1+LjrNGTHNo"}
{"__ans__": true, "question_key": "AAEAAP4WnBIYFsFD95Ujl71SJD8zOJA24uDFaI4do6acLg7O"}
{"__ans__": false, "question_key": "AAEAAJOkKWcsqRMRoKsmY7ms1zQlDzDGE9gPDbDHYTUQ9S/v"}
{"__ans__": false, "question_key": "AAEAAHqeIxkE1/TSZN3SCj4xO3YI5MC2vi83rD7M2R+IvoBl"}
{"__ans__": true, "question_key": "AAEAACB78ZK9dL7ndw8GxaDTjEo+s5rQgccHJtwmzZEAMWmw"}
{"__ans__": false, "question_key": "AAEAAOTkKpCYQ6GawbnylEIqmLBPG+qlfUHItrjewgeSzHLO"}
{"__ans__": false, "question_key": "AAEAAGmY3xQV7c26HwfwAlISIovw3ZV6HeJMytI7AE/d/7gr"}
{"__ans__": true, "question_key": "AAEAAJSuHEkt2y9x3qngjaGJCeb4ECyPf8aGZmE4Ki/T43RY"}
{"__ans__": true, "question_key": "AAEAAD3cw5rbh8DZesDUiUGI7q+NeI/7k2ZDkBaJryGR8pw4"}
{"__ans__": false, "question_key": "AAEAAJWsoJguLbjvAL+RuU+FcTh3fdKqCtjvQD/88dieZqUF"}
{"__ans__": true, "question_key": "AAEAAIcFHOJfIRIMzbd+oGy6GFWM2td4h+BD+i4B3q8AjYQI"}
{"__ans__": true, "question_key": "AAEAAKPRqd9sFBEsdCmiJDWrXRffir1vjzJgPFtJno6S4E/I"}
{"__ans__": true, "question_key": "AAEAALFEosANGaIeazLwhya0bm8yQ9/c5eeyfGDSKW+ZJLm/"}
{"__ans__": false, "question_key": "AAEAAAzut2qCDymc4BEE5Tbdv6DL5ovXPuNrADR5dI1aGr5T"}
{"__ans__": true, "question_key": "AAEAAHqEMD1nco2xU2dqULHvwLw1cgs3CyL0OPe7Vnzx5Aro"}
{"__ans__": false, "question_key": "AAEAAEHylKenDG9UgWrdKqdx85Zzv/x6AzN5XEMWljOOT6Gd"}
{"__ans__": false, "question_key": "AAEAAELwbIoH5qgWLvdn26cUjONq9sU3Oi/+hJZamV95PRU9"}
{"__ans__": true, "question_key": "AAEAADYy6hVkPBFwqKhCx+y+/j7YCOuuNYdAQfNS/tMlgtbp"}
{"__ans__": false, "question_key": "AAEAAGrzESQnhOzLqcBAIGxgWyvylfOv8ZKE21+HIAZvp3mF"}
{"__ans__": false, "question_key": "AAEAAIgt2VhZZmZXHVdX2a/kUXWPLkP+6L67ldfIafq6EwoR"}
{"__ans__": true, "question_key": "AAEAAGuaHdkSm5l1mUu3LPzEyTHvWjBGwqqIwdtMGMaNDLar"}
{"__ans__": true, "question_key": "AAEAADvtfFs85KDAU+Xk62EzumVVBe+JZa5c2pclN/g0i6m9"}
{"__ans__": false, "question_key": "AAEAAH0sxuya9Tbeo2pGw6aF034f6WVaOvt5aUbaYN+S6r54"}
{"__ans__": true, "question_key": "AAEAAPve4Y8amQ8qBDdzYNlU8ST6LcNIqfs8yMaBEdRvNdxo"}
{"__ans__": false, "question_key": "AAEAAB360mTG9OBabfEeRtykINHqTpvJkgZvQW5zy9+Pu4/4"}
{"__ans__": false, "question_key": "AAEAAJhIkTse9kqxEbr3Sz3Go0yGTCxs6ZD8ruZLXfQe+WSK"}
{"__ans__": true, "question_key": "AAEAADqLenf11K+Tg2zz9eEDab7yrQybTOkhe9SjH4DxFq5H"}
{"__ans__": false, "question_key": "AAEAAGRsJF5DFePPDw0BrUwDGaUwrkSJAjDsCehu2O3F2ZL9"}
{"__ans__": false, "question_key": "AAEAAGXavTZPHAcjOLnkKlovWwuoRPnhW/3SFDhslafbB4T0"}
{"__ans__": false, "question_key": "AAEAAEbu1K9/qy7lm1Ea7w33jhvE0vsWLJv1umzIN+mBtRQ1"}
{"__ans__": false, "question_key": "AAEAANYKx7VYd9EEAWYSTj/7l5CuTTaaziBoziUtGuIrtgik"}
{"__ans__": false, "question_key": "AAEAADAVaeHv6ZrGIBSLT3uPfsHywtZa/Hmrf4V1v8UrwUaK"}
{"__ans__": false, "question_key": "AAEAAOqeC50TqdWr1zfqpCpuFx5OO2/om4deiMVjRR8ao/dm"}
{"__ans__": false, "question_key": "AAEAAMJeKF7OLHnvvzVUEM2w2Fu4TA0/Hr2ZdQgfwgoJNafb"}
{"__ans__": false, "question_key": "AAEAAKFmg0xS48/ssne15ihOcTy6DUG9ouV9xu+HbeBcUOjc"}
{"__ans__": true, "question_key": "AAEAAGPrnN7L5Tys5WiHWpftjS2thmMN1UhJU5JMSxh3tpIQ"}
{"__ans__": false, "question_key": "AAEAAK3Gs1vtBAd+LXpl0X36mV6pvaoHYrq7yYLNRLWwvOl9"}
{"__ans__": true, "question_key": "AAEAAJBpmjYgoBw9l452Elpc/n4JUn4imfFiHLoyEhxAR9Er"}
{"__ans__": true, "question_key": "AAEAAN7IkN6u7/emJO8EWHqJFhxkRSdp5TN/w1EAHW/07BpS"}
{"__ans__": false, "question_key": "AAEAAOjIOxKXyk1r+6425dX1vuzIhaXCndVK6Sy1jEYiYYWW"}
{"__ans__": false, "question_key": "AAEAAPp9MnGNj4M9Um++0mZSh5kA08YISjSq9YVtn7SVKSEf"}
{"__ans__": true, "question_key": "AAEAAEhFmhSLdCgrrNgxIFDay7XK630jlE9puq/MJhkQJCs7"}
{"__ans__": false, "question_key": "AAEAAMxnx+Ki2uSV0dwIfLQkWHOumI4kcE7NwEdRDibmtUmy"}
{"__ans__": false, "question_key": "AAEAAEM2VExeENhV5kidCrFUoqcxou7HMoSdYAZyLuDJUiod"}
{"__ans__": false, "question_key": "AAEAACNi4W8ahPFXKIPVU6s2mffJDgNQz6bZS6H4oIgLRy2j"}
{"__ans__": true, "question_key": "AAEAAFO2jqc4fLew2HYrzZCERZNj3G/Xz195O4zgKsRzH7sF"}
{"__ans__": true, "question_key": "AAEAAD6u1T2qXDz/yMT6v9jnRcr3Nznp0BmKoaPAia5CUY3a"}
{"__ans__": false, "question_key": "AAEAACRSk/DbmJtaET9PmzBdXy81fK8tTAqbIznf2n4/m1N0"}
{"__ans__": false, "question_key": "AAEAAFUXlvXKfWcqve9xjGZ8lDxafJoOUdCoPILI1F/u1vam"}
{"__ans__": false, "question_key": "AAEAAMaf9GG15W3vs2QWA7QR2pDDdam+osj9zOwnsJGK1jAT"}
{"__ans__": true, "question_key": "AAEAAGrCmUo43xI+ZgYaC4q3H8OMP/f4jFJu5MooE1H3Dt3d"}
{"__ans__": false, "question_key": "AAEAALmHZXCa8WOJ/ZJNsWGLLmceaEqRmGVSgcR/iM0uL78m"}
{"__ans__": true, "question_key": "AAEAAE+f1ukEHZ/f80VBGbnIK/sPz3h5UA317lGnpgNUGpIj"}
{"__ans__": true, "question_key": "AAEAAMUrEblL9QMXeuwwASt5mIPbvuu/Fk2b88bxW6B39hRh"}
{"__ans__": true, "question_key": "AAEAAE4Apjd957IkRN3d63POWyqtMITYoyhcMkTPsNVHQyyU"}
{"__ans__": true, "question_key": "AAEAAEUm1+o2mkiFUZBiPEI/DDe93IphQZWUmrXR6TPatCZh"}
{"__ans__": false, "question_key": "AAEAALszPMFl/LCNrmcRvcjYUaglIagBHUuabDMG8WhuSS0/"}
{"__ans__": true, "question_key": "AAEAAFVYptwiGkUsRQvAbgRpbd7qM9HVTY38NeCg1MUe5B4W"}
{"__ans__": false, "question_key": "AAEAAPMJVH+7aO5ymPsR/2Dq63o8igmIRqkpuCyL106uS4Ch"}
{"__ans__": true, "question_key": "AAEAAG0/uLzkron5JWYiLxcm+GExMrS+uljtZaKV7+pwD4wj"}
{"__ans__": true, "question_key": "AAEAAHUQxkERlZcpOyCJaRKHpM0tlQUfRD9EAkKRNs70dgTd"}
{"__ans__": true, "question_key": "AAEAAOVc8TIZ3x5bzSLiq9/Vt1OmII+nxjWSUlLMYg7nAl7x"}
{"__ans__": true, "question_key": "AAEAAO8cnMeCPsD+1/GjjRD0Zjo6d8XHmUYQTw+NaGMptq1l"}
{"__ans__": false, "question_key": "AAEAAD3WIEqv3kMDB2TBa3tF1Uk6f7nXFLYqHGmuROP+wOQp"}
{"__ans__": true, "question_key": "AAEAALm+OBv4klpGB/dACJYw1epF3N5YhrG6lKcYwPFq9YH4"}
{"__ans__": false, "question_key": "AAEAAPZg2bdr/6qGPjJSbYE0/ij9j6QCReVexkj7Yby/z6Xa"}
{"__ans__": true, "question_key": "AAEAABCABYpeS49OOzGNbNU5vn9A+Tym2Bbb6p/zYP1HtpyT"}
{"__ans__": false, "question_key": "AAEAAPbCLVq1R2VNZbODZAPvEi2HhTUag1hyDedpoq2wXYjQ"}
{"__ans__": false, "question_key": "AAEAABz6MfKRO/OAG91yBWMMHhUfd3GgiBX5FIfdKnWzFfOK"}
{"__ans__": false, "question_key": "AAEAANVaq8F+Vpk8DgAO0zWB9B0hLggzilQCiR8QxKoIP/o+"}
{"__ans__": true, "question_key": "AAEAALKJQEbcfP2VAp2jcDqaw4ElWASgITMr2X9L/XqbEKcP"}
{"__ans__": false, "question_key": "AAEAAECbAcjpMvTSg78I/8ryxVHNtbMI5YnlKmNULpCPLQK8"}
{"__ans__": false, "question_key": "AAEAAA/ZqZ7uFsS+sY13uLG3DYkHCVjJBTAoZLZ4i5xbW6EO"}
{"__ans__": false, "question_key": "AAEAACUYHg3KN8PYgCc6bWc0p0hIU9jYIMpR4PsUuxSP6VJi"}
{"__ans__": false, "question_key": "AAEAAGSSTjsA7hNElIp7fm7C6ZOOJKpDHSCDHWJAHoyU8QME"}
{"__ans__": false, "question_key": "AAEAAO3Pd7iKpv1+NdcnqXRKixE/FTIyRr9n1U/x3o8uxt+k"}
{"__ans__": true, "question_key": "AAEAAMxRXAh3JeT0EfPJ45hp5KCQDfMKQzu5TkpNtCvjun2n"}
{"__ans__": false, "question_key": "AAEAAHk0ESBracezh5DIFMEWLYe32emF+tIJ0CHkEyOL5ja4"}
{"__ans__": true, "question_key": "AAEAAId4jiA/A7/kr7xqVPS8xFiXUKMrYtY564vvfXcRMGnA"}
{"__ans__": true, "question_key": "AAEAAE7cdZymI4wowa15if1oEB1rss6KW9MhT9Rvw8Ubj4qD"}
{"__ans__": true, "question_key": "AAEAAIqyYwGhqKCRxfPNJ1TtxnueSMxb0kwxryRFtQSIpvxE"}
{"__ans__": false, "question_key": "AAEAAEVUyJ7hZ3KBp6FgSi8TEIdxMXlTVFCitNK/xnmHZj9a"}
{"__ans__": false, "question_key": "AAEAAHF0CA+TQQ9FVfDLiq+ys24iTct4RQfhGfLazoeC/0vl"}
{"__ans__": true, "question_key": "AAEAAP5vXlVBYo0xDiFdaNBg2ZjiyDS58eS9aLSik/AOiNqi"}
{"__ans__": false, "question_key": "AAEAAGh8yoyzHYkY1kY/+OvnhIfKLj7BxjxBC1f7np8vdQXa"}
{"__ans__": true, "question_key": "AAEAAInVYGtbj5ZKeWJp6RYPqVYQ2JT4qWTKn//PZSnZueZG"}
{"__ans__": false, "question_key": "AAEAAGgfeI+mu83ZGt5dqs+ACw3ukM5fGv24OEcmifQpXWjl"}
{"__ans__": false, "question_key": "AAEAAGjc6ICsBwbMCFWqWu5ARyUyjgtQSm42D4/fbHafnIKy"}
{"__ans__": false, "question_key": "AAEAAI2rlDk2P6tRYJQxRdzF/Dvt5qVel2cqcCtZlyD0qqPz"}
{"__ans__": false, "question_key": "AAEAABTJLo6XOZTjn94YX7mSrAqyD1dH+XdFswhLDCt29V2i"}
{"__ans__": false, "question_key": "AAEAAG/w1GG4rCRYJfXO2/YG28iekaQ5zQX2ZnS/59jh3Wit"}
{"__ans__": true, "question_key": "AAEAAIQFI4t+pL+FCtQbqXQMiS9WWtf/MhZQMP7vVv6FbBLG"}
{"__ans__": true, "question_key": "AAEAAGM7UaJvOrPeuaHK7gqb5sCHpiVlsHNjdjlUoSxamK8S"}
{"__ans__": true, "question_key": "AAEAAMiGSsikH8Wuxc+HZd4KXmatL1Ycs07GwdJhgIbmqF7Y"}
{"__ans__": true, "question_key": "AAEAAHG8wMurnaA98JjXCsfyK+h2PGpVUbL9ngy+SAA3wqQK"}
{"__ans__": true, "question_key": "AAEAAGRgpOGIh5vAmUOb+YWfRM2gHBSMS31RaFdS/kj160yb"}
{"__ans__": false, "question_key": "AAEAABhzOwZSaVTXDyB3RM81oE+U0h7Jxzcc50sO98G6x4RD"}
{"__ans__": false, "question_key": "AAEAAMhTivgTE3lHPopKrPmpxsn56cFA3lyFDzr3cow5LI0A"}
{"__ans__": false, "question_key": "AAEAAKiWQfnYW8AVxMo0VUEXBeFh6SjPv5SeNtjzVBRSThoq"}
{"__ans__": false, "question_key": "AAEAACjVwE3HA2b3JWVQZKvOPmsxSY2r4E6i1v4mHcgOuesH"}
{"__ans__": false, "question_key": "AAEAAO/B/ugzrvF52ni6mDMCOqfXQrnhwlPWA7ih8TqRDr31"}
{"__ans__": true, "question_key": "AAEAAFq5u+huBgS/pyIRPfap/Ubb/rb73NKU9t1WFgxeUE0/"}
{"__ans__": true, "question_key": "AAEAAFkZROWxeEiN4Mn08IhKuAf+/lLKhq0vqM+SL5UIkiZh"}
{"__ans__": false, "question_key": "AAEAACi4jF2sCmXUy8sU/bIfS7s6a3N5+XW9yOKclyK4lAGh"}
{"__ans__": true, "question_key": "AAEAAOfm/kzYT3nRm16dy1lp4zjGRJXlLNCwEvnW3b5LOqNK"}
{"__ans__": false, "question_key": "AAEAAJaKJb1E+kOMSoPa1xvcHyI+aZ2j6jlo8S0uN5BnbtV9"}
{"__ans__": false, "question_key": "AAEAAEbn3pbSwC9KZyLzGsq9uzkqORgWCaA10GiVNx/doirc"}
{"__ans__": false, "question_key": "AAEAAO99DIVp9wOiRTInJlPsBG8Q8lpvBLWkrQ/5DpGqRr/P"}
{"__ans__": true, "question_key": "AAEAADNydHXJZbMqgGLvl03Zn9X011tIZKgATyecfX2GVCUe"}
{"__ans__": false, "question_key": "AAEAAOBmBeod3rw/YuzGQDtwH4C57L8RiCfLMHcKqLLXMJnS"}
{"__ans__": false, "question_key": "AAEAAHIy3oifJ7nF/rh6Mce4UQFcIdpPYWk3neEvrIXk8g0O"}
{"__ans__": true, "question_key": "AAEAAPozZs0KPD+i9czc7ju8t78WDa35aWmdT4wV3U0e9Hul"}
{"__ans__": true, "question_key": "AAEAAFw7CzIy2rdV3OCd2xcZ7qBmNcwTKKTDR59Z9dEqbQlC"}
{"__ans__": false, "question_key": "AAEAACySDuojYEnQnszLcGq4a+Q8LUS2/xtI2z/2cJO0eHD4"}
{"__ans__": false, "question_key": "AAEAAF/F/mxPU9S5N9TwtQIetZ4SBhB4LHKadVFsrlpd8aXM"}
{"__ans__": true, "question_key": "AAEAAJ1iRSiiwGxQ6lXJ4YSsWyXpVVWaM7tnToOC4QTmUP75"}
{"__ans__": false, "question_key": "AAEAAI/TPe2aO1PeyuxUGCAs6aP8jCiLT4LSsFkYslPiXgwR"}
{"__ans__": false, "question_key": "AAEAAF4VdRTVXOG3ibszhxc353UXa59OmtjyM5W+YhzvBSlh"}
{"__ans__": false, "question_key": "AAEAADzLONqwSsvhxT4xr3iK9BVwTfZnotiI2NFZLWfZ4j+c"}
{"__ans__": true, "question_key": "AAEAALN44Z82ryxQwS3aOpCMdrCDOL0s460MFLI2/hLfuACX"}
{"__ans__": false, "question_key": "AAEAAAqM7EfN4pTFRj7Kua4uldgkSWkNeePZtmhZCznCCQla"}
{"__ans__": true, "question_key": "AAEAAJLuOElUXg5Tz7DcL6X9rFHxWLyf5JFmmdZI/r4QHJV/"}
{"__ans__": false, "question_key": "AAEAAEtO8Yc12a9A/MlT52jvQTuSZPKvPX2SNxPqxUWKBHVs"}
{"__ans__": true, "question_key": "AAEAANHbiZzpoTnemU3lbWYtxsHx78iptm86gTxpLSWipto3"}
{"__ans__": true, "question_key": "AAEAAM+7BNoqebXtksa9i8ePsiFEO9mJt6/+k8xF0B4IBQxZ"}
{"__ans__": false, "question_key": "AAEAABGLSs7fRW+hyPVdWL1tJKC8ESo8q711qD1dsNJGHrZD"}
{"__ans__": false, "question_key": "AAEAAEOnzNkIhbD1iwte4VpF9hRL7FSkUoJv1SD6Doq/8uFN"}
{"__ans__": false, "question_key": "AAEAAAKOvSiOPE7Mgovux9LxboBW1Jl4xZBVn98baEcwIkJQ"}
{"__ans__": false, "question_key": "AAEAAFhCNFN/0atQzA9luMPY6Oa8VfQlPC/dpqRjpX2s5Tzg"}
{"__ans__": true, "question_key": "AAEAAHpHQWGbupTgGRclZMYC3S936nZJNekFLYmNKRxB6iDm"}
{"__ans__": true, "question_key": "AAEAABeyUg3jZkvRu7Vu5ZAs5JLNOQO/2RuUUvWA3kbph06I"}
{"__ans__": true, "question_key": "AAEAAAILnCJGhm+P5DsZs2v0D3ryIoWXtSwZsGijch36HaVC"}
{"__ans__": false, "question_key": "AAEAAHDUSbD0gxH1Kjmwnxe+rO39nSSutsO4zSXrOMnNnVzd"}
{"__ans__": false, "question_key": "AAEAAHy6NnFtZVCZhYT3MazVgBag9sVYc7viKuTWPhXNOvnI"}
{"__ans__": false, "question_key": "AAEAAGqXn7kAruRTqP0Aao1v5IPGhQtGIbkNG+ha8vUPs0OW"}
{"__ans__": false, "question_key": "AAEAAJqUy0q6m0BHnBH3vPVnwIdHiRuLRvnVTCxzGXtq81do"}
{"__ans__": true, "question_key": "AAEAAAp49MoNUbDM8fC5lK0GANLClqqUAl/Oo2soGTkVYVaG"}
{"__ans__": true, "question_key": "AAEAALR/Spfj2zt4CHoeYrJDO+55thPGG7w7fATd6r1K5UkW"}
{"__ans__": true, "question_key": "AAEAAKXTJUoQfTqkJzqLIzc50vXzaTx/Kt4aLq0iL1MIj50Z"}
{"__ans__": false, "question_key": "AAEAANLa7wB7nRAWdjXY0b3EI/O0h8sjZYgmRIsMvVs61tkI"}
{"__ans__": true, "question_key": "AAEAAHTUs4u2HUPUJm5UD0LhnfT3DN2M167nx40HpGYX43qM"}
{"__ans__": false, "question_key": "AAEAADAID0SwhblvpFcrlG/JLDAk4Knu016cdnGzO6UZz3Oe"}
{"__ans__": false, "question_key": "AAEAABkbmtIqWFy6mFItOuOGClbbsiRgPH1YH+4jJp1ejEKJ"}
{"__ans__": false, "question_key": "AAEAAJGg3ZjNrzHlQW3WhzuHgHSNq1S0C3LoWoEx1yaLLsHJ"}
{"__ans__": true, "question_key": "AAEAABk2GmLfhcUCPsIfNZ0uKDnFOr3LxtLKKODdpqH1DeLn"}
{"__ans__": false, "question_key": "AAEAANASxChV+/3mqyBcx0RDu60v/RUeDKnf24jczrRTtgG9"}
{"__ans__": false, "question_key": "AAEAANYQm9/Ppd5DzNx0AUlvdaVSscKcEksgJzwKQHz2kNa1"}
{"__ans__": false, "question_key": "AAEAAJiofNgxYPUupCysieM1QJcafBQ60gBsqqVDpfgTJZT9"}
{"__ans__": false, "question_key": "AAEAANRbMLFQa77RXR4dJ7qSH+XdI4aUW7z9BzoPf5FdUEK8"}
{"__ans__": true, "question_key": "AAEAAF8u3Xmyo4d6ex73I4YQ+T7ZwbZO7CZYVN+29ds62Par"}
{"__ans__": false, "question_key": "AAEAAJ0bQlNHztGNfpDLcWs2xETjvQ3AsnrYjIPCuUoMBHdr"}
{"__ans__": true, "question_key": "AAEAAPl+5N6+FC/5RKYV/nNShnw3f784tM/nvuRe0a5LIO3Q"}
{"__ans__": true, "question_key": "AAEAAA3f6v0Wg6fPOdjr1BE1+tdeBen1qtNjoLTmLbz+qypa"}
{"__ans__": false, "question_key": "AAEAAHoyl+d4od7cnBNf3a2JdP7e43GRtH75Q+FjQ+EKmMpU"}
{"__ans__": true, "question_key": "AAEAAEUPkz1DFr+6rUsvYkB+dB4ke20ML+aijng7RiJjkQeR"}
{"__ans__": false, "question_key": "AAEAANhwBhKDbxIlt2QAn2mpQhGN4QEcIiQEkv+W1xjNTTSZ"}
{"__ans__": true, "question_key": "AAEAALsecNbVVdUjHVqSUJKykeECN7ovThsTQIlHWkojxdOZ"}
{"__ans__": false, "question_key": "AAEAAGKOEPs/fyPKseX5rJllWiYGdIsV8/YAL/thgiKpOnY7"}
{"__ans__": true, "question_key": "AAEAAFwjhzzOGB5cP+KO6cCz1tHTDjj2RR8D2lcEkqq+me82"}
{"__ans__": false, "question_key": "AAEAAAW73xApS9nz4sxyeQV4MQu/NX0s4mm6PKeBRoPOghpO"}
{"__ans__": false, "question_key": "AAEAAIkam0zyc4jnDAnMWmveaQ+Ga42Nhwe2BVha9i1IkdJP"}
{"__ans__": false, "question_key": "AAEAAAr+bt+FaBxMXe79q33UcwGQz+SbIrJiof5YySHiah9I"}
{"__ans__": false, "question_key": "AAEAADGa8bBOZmTVIn2o0w9dyW0P7Up5JfGwWIe1ggCXlJ+G"}
{"__ans__": false, "question_key": "AAEAABTZ3BhD6kf0mXsCEFrGT6HYKACr5osPXCUWLRdKDK7w"}
{"__ans__": false, "question_key": "AAEAAKwHMJ1id4lPZBfzcGh7GwLim09cUXy576LyuN/KUDe4"}
{"__ans__": false, "question_key": "AAEAAI6fYAQp7lPdgxEBBTsuOKd/yB1kZg3Y+1qvbktpNloO"}
{"__ans__": false, "question_key": "AAEAAE/dQGvC1H03kOGj3DzL621yJ2kF1alEiwQgDgS6+Zlk"}
{"__ans__": false, "question_key": "AAEAAE+1jil9LP6fIra24/FgIPixxU72d2QHOwq03XyH9Y+l"}
{"__ans__": true, "question_key": "AAEAAPIDriOOaYhBy5tEEeJIMPIaFwSrnrGN9CIOTRF5Hzys"}
{"__ans__": false, "question_key": "AAEAADn44+ikdezzlM6UXQUgnhmEyLizBkQtWy99ynbkpsy4"}
{"__ans__": false, "question_key": "AAEAAON10C8toQQLdhYSj7Wnm01DUmfcoMzo2YqOKe8b/g9p"}
{"__ans__": true, "question_key": "AAEAAI3sdegPEc6YW20VbyPiWqiHnbTERheVZA1tv01P4mlK"}
{"__ans__": false, "question_key": "AAEAAE7sa4TPLCamHq/dvJr2ojPzzUuObqu9TKUn54hW+owa"}
{"__ans__": true, "question_key": "AAEAANtVWQUCD5A+wdgoCb+AM4RLBF9SzRE2n3vopGqizJLL"}
{"__ans__": true, "question_key": "AAEAANM3tI+F8ZCN0gmSUw844BLP+jdHSE2ipFGeMNmbA3px"}
{"__ans__": true, "question_key": "AAEAAK1nyNfgaolyzRRWxnrprkAVpw0YGiQwllaW/uEHY5hC"}
{"__ans__": false, "question_key": "AAEAAI4++qbde9/MDN5e6EAoj7Y9fvTV420rIErpkP4lEOML"}
{"__ans__": false, "question_key": "AAEAAM4SRr1sy2jaHUEyImr74tqMLHzqfQ9Z897OEE/OjUcr"}
{"__ans__": false, "question_key": "AAEAALuGVKlwYh0voS7tlnHDH8dlY/bZx2XWeHeZiVzWCZeV"}
{"__ans__": true, "question_key": "AAEAAD18oGPFx/K8EWXRVjQOfIL2xhwSdGnsrVrvksUuDWrK"}
{"__ans__": true, "question_key": "AAEAAO6uWovTkG+yItEo/a5dtObmp0iIuivgC7zUJ20CwNf1"}
{"__ans__": true, "question_key": "AAEAAEDtE2N6sANbcZhW6gMz/ReI7KwGYYYmBn39VbjF7IhQ"}
{"__ans__": true, "question_key": "AAEAAASss235Tdf+61uUtzoYSO1mp5TaGLpOy4phmCM830Zd"}
{"__ans__": true, "question_key": "AAEAAMq0NpOxZV1UlGxYpSar5fD0jrvnbt3vFJkhdqyZfjOq"}
{"__ans__": true, "question_key": "AAEAANOpLJymsCP2C5ft0BHE1FScSVRyP78EpKf1PjjxLh61"}
{"__ans__": true, "question_key": "AAEAAACUB27HJBMeyFxJKCB+PP5q20Vr17TJgH5dyexN8vPC"}
{"__ans__": false, "question_key": "AAEAAIsok8+3/ryvo4lUXj1d2L6TwsUmlsx0vBA4PLV2E9K8"}
{"__ans__": false, "question_key": "AAEAACeaLNsxeMYmS6YsVYRqbtCITzYeqn8Ij3fI/PP3EBJ3"}
{"__ans__": false, "question_key": "AAEAADkUek7K/kcH/WEUnkWwY7+i1anJzjQ7TkQVmQ8cTbDp"}
{"__ans__": false, "question_key": "AAEAAM+hVtO+qWe9911j1tnZUu4e8bqABDS6bbFCZefKAslT"}
{"__ans__": true, "question_key": "AAEAAIIuA7SEMkOryNXpKHh5cIPBZvxfcDGbGC2b2Ys/iWXw"}
{"__ans__": false, "question_key": "AAEAADBqOD+pPzoFRQbRxAnZ+GB6POeHBAVEEaAE+Obfzks7"}
{"__ans__": true, "question_key": "AAEAAGhuSayS9MsnNQoOcWqz72KFBlE0UouxyaeDiaOMSCN9"}
{"__ans__": true, "question_key": "AAEAAIK3Q6Dmou/r5p7d08nTjjAagPbdmcD6McbHlIwQp6Br"}
{"__ans__": false, "question_key": "AAEAAGlTKi34A3R+TTc3H5NZhMmC2B1n1hgbre2pE3GFUFI0"}
{"__ans__": true, "question_key": "AAEAAGM8QHj2JqSR0filyHpjPJgjt42CrCpGE/okIvRzEISX"}
{"__ans__": true, "question_key": "AAEAACjFyhemHytRuSLTLTdBTnDPl7srn4gj5xpX99DDTv6a"}
{"__ans__": false, "question_key": "AAEAAHXmnaLd8A9wune7v6OBnVYG28p+Sqg+gacMkPa9205y"}
{"__ans__": true, "question_key": "AAEAAOgDTIN35XTdY396ZDLku4TdG8B6nMetYx47zb0VFtdl"}
{"__ans__": false, "question_key": "AAEAAOUeBcwggv1CwV45iCi8Lfua8F27Z1x0QAa0P6/dxCJE"}
{"__ans__": false, "question_key": "AAEAACRmjD47oW4Ws53rWnVh0AjpgW64a9I4AZKxnPJ+u96F"}
{"__ans__": false, "question_key": "AAEAAHfzPce4507k//TLNWBQCmfmHsXw00ZESKEo19zexE/a"}
{"__ans__": false, "question_key": "AAEAAHUFyAw1hvT2IYNNGd1PGDSf4xfGRtg6yEWOTCzJJ6bs"}
{"__ans__": true, "question_key": "AAEAAPWWaygRlasl0pQlmHXSzDuy7wxLI+Cg0IMZkLmZq0vJ"}
{"__ans__": true, "question_key": "AAEAAGBb4sEcNvigT1TwCk7mt3HHTniWHwVyttERWY9gnstX"}
{"__ans__": true, "question_key": "AAEAAPXy9T3RYYpvGoXf0zMoI2HAIVMi+zkUDJLu50DamdmS"}
{"__ans__": true, "question_key": "AAEAALsO7x0m5U2O/5iRCXiEzenongIMBzQl4wFKDhKSRZO0"}
{"__ans__": true, "question_key": "AAEAAK7DtQH+27uyH4uO4rAtnBl0n1L+Ohud7L2AJtlKDuGR"}
{"__ans__": true, "question_key": "AAEAAB1p1XroAHPP5yvd4JI1b9ZYI4NEj7EObtddX923yj6Z"}
{"__ans__": true, "question_key": "AAEAAOIWNpdu8k/vS4K63gJW527J3oaovTY0YYQOABQAH6w4"}
{"__ans__": true, "question_key": "AAEAAEeiujGkxadER+LSE9c551asQedpeVD6rsAqE8Y6Lyel"}
{"__ans__": false, "question_key": "AAEAAAOuKSmrasbq/aDjA2/GV/t1lJCINvM9859pPpaRbNU2"}
{"__ans__": false, "question_key": "AAEAAIhgAjXzy7Y6u43S0Hw2Q+XfPBaj4s5fHtUIDmRfuRAG"}
{"__ans__": false, "question_key": "AAEAAELsR5eeFLs27jNlnZsx5rm9W15PUoVKbfyTw0ZMo9oN"}
{"__ans__": true, "question_key": "AAEAACigS6WEvpaJFTa+QbmVkelCzWjc8dIJMJbHw025conH"}
{"__ans__": false, "question_key": "AAEAAMNNF45Lm8P0Sm3uqXKaOUDeOEep3VCMo95uU8yXBHzw"}
{"__ans__": false, "question_key": "AAEAAFjM9Bn1ixcuU0KKLqumwg0YlMzf5spDoVWp4HSSrKK+"}
{"__ans__": false, "question_key": "AAEAAOtS99FdixTLfvuwmGS8vWGb5r42CLt/nvLC4EUCwhDg"}
{"__ans__": false, "question_key": "AAEAAMJMKGemBXZmxJxJhtBVIhpS+SdNXPEDDDgIsB+5NNZk"}
{"__ans__": false, "question_key": "AAEAAD3ieHHD+udCMWiehg5ZJo44UVj75d7OWWplbjV8zu8C"}
{"__ans__": false, "question_key": "AAEAACd51NLzMZTyGKZaSL78Mk4m04e5cDJk+DaezY8UZEYC"}
{"__ans__": true, "question_key": "AAEAAOWDWCVvwv1MQgbcIBgjYwOp29A02U1JR0IHs0R5o/g7"}
{"__ans__": false, "question_key": "AAEAANuK1lOsUcI/m3WCpw2H5pCgXq5lCThiBw7L0xqvNfl1"}
{"__ans__": false, "question_key": "AAEAAFYNxUyO4OHbGrO1f7LgV7lYotvKEwgDoaFKHKQrxs71"}
{"__ans__": false, "question_key": "AAEAAIc5uWNuorFKh5uJW8lIEHaWV62pIhT7mMMlvdk0d0iQ"}
{"__ans__": true, "question_key": "AAEAABEiYE0Z8dH0uovQSQ2AkP3QVNwf2oKC2FHbpJoBDkga"}
{"__ans__": false, "question_key": "AAEAAFNrncHb3j7QPLtw/Wi3i2870kA6vO84Lb1r7h2f8Gzn"}
{"__ans__": true, "question_key": "AAEAAIr41Vb23zBIlNfyfyvkUeqbAziKM+QeglcGFxM6x0pt"}
{"__ans__": false, "question_key": "AAEAAEYir3hXrW//DLyxcvNUSbHpBVWgWvtix+teb9nZlgL1"}
{"__ans__": true, "question_key": "AAEAAEGSFyLEVKK+79u8lRzhH8gMT1GSvOMWlQRlmhDSeF1F"}
{"__ans__": false, "question_key": "AAEAAF/nxzse5az5PBaRjI7SwAIz5/TXHqqciXKYyGytus/O"}
{"__ans__": false, "question_key": "AAEAAK12a/7iBPxAAoxFka6NEAjpcKkQMb27EAgHNms8UoBW"}
{"__ans__": true, "question_key": "AAEAAD7O1HGDgFOOE5JzvED3z3Cx7OAtTHm3mvuy0grJ7tI5"}
{"__ans__": true, "question_key": "AAEAAKZxNMbFTdzsX/YnIgGyKe6soIqEKlKoQHc1joHbF/Q3"}
{"__ans__": false, "question_key": "AAEAABZNiRkfqErgFiT01NiUO+JCjHjKOFVZDISq3++43spB"}
{"__ans__": false, "question_key": "AAEAAPGSY03aEDVA6njORGCmv12rFpVWNg9jnELDMcaq4qrj"}
{"__ans__": true, "question_key": "AAEAAAlmq+jj4YHV+KivE9v1bHeYt0FAgZdH3QJhq6tKjCXl"}
{"__ans__": false, "question_key": "AAEAAHfThhZ0gYxivq0hhtQgBQvydSNMUYyZ/CpnKptz6auq"}
{"__ans__": false, "question_key": "AAEAAG+/NXCMpxkfKI20wj/CRkNhev4A7S8chfKCb7qNYUqd"}
{"__ans__": false, "question_key": "AAEAAEjPmQRf5xTugz4l2Fkvhw8fl8HhLQ5AC7lB/Zr1/9sC"}
{"__ans__": false, "question_key": "AAEAADl0dpbhA6wqzSufyQEGrgnqREcKRTk+D+/2wa0qc9c7"}
{"__ans__": true, "question_key": "AAEAAIj+py7dU1o88hme1MS0hciPtpBNMHtKdF74AfjYgeaa"}
{"__ans__": true, "question_key": "AAEAANmOwXGMEyKXOXjFGORSAjlyoOQMgQHyySU5YFAFORXo"}
{"__ans__": true, "question_key": "AAEAAHSRC1B0U97W/GlN32g/3bs+UDHW0jvHxTVAPOGxV0B3"}
{"__ans__": false, "question_key": "AAEAABnBmEyBuNWP2/PvNyaPiw5UDrQGkNPJEKWFtvxCBBPR"}
{"__ans__": true, "question_key": "AAEAAKlorUk2JI6No0xvCioZ0uM15jr0QwEKOEZSZGksOqMv"}
{"__ans__": true, "question_key": "AAEAANY+Pmdxm4PiPuPai+Q2e7jAkeOkfowI9tje8rEy9rz0"}
{"__ans__": false, "question_key": "AAEAAEygLaNrrOxp+Bkq0zDF9HXeayIyQlCQ2qaOElAgL+1V"}
{"__ans__": false, "question_key": "AAEAAOgQk+j2Z+62aXcJfIC1F0Mi1+DD92W0OeMlhyOVEXyY"}
{"__ans__": false, "question_key": "AAEAAPZS9gSdCsgCpSecXbYoCDs6ITpmVMZiqQXQ+yZtTyqX"}
{"__ans__": true, "question_key": "AAEAANntwh+D41dJCTOg9hF/UxjVhe2Kj6Ng6Gp75PkA/Rmo"}
{"__ans__": true, "question_key": "AAEAAPQMjflgLhbLfiFT1LSNkaCldHsXLyQIdhsJLdbdQSoJ"}
{"__ans__": true, "question_key": "AAEAAK+tIHRNy0ZG5hBmao6ThzTINHcjJbQkDVQyNjg6RKOY"}
{"__ans__": true, "question_key": "AAEAAEZOb0KuNTuLcyNDnBX3z4xhdV6MLdh9tAWCEDZbLPJK"}
{"__ans__": true, "question_key": "AAEAAFbkI6guNVd4+egDXRFSPz3M5DQ6Z9pReGQ7sq7ekOJ7"}
{"__ans__": false, "question_key": "AAEAAGuksUVUMWpOHKtgF1v6i/Msvvdxbe5q9t0dnKnK19MK"}
{"__ans__": true, "question_key": "AAEAAHLCZ4kSqt6DphbXc0QTDljL/vnQUORKcAUkzH4dCn6R"}
{"__ans__": true, "question_key": "AAEAAEE25fN+Gc14c5STBW8czl/lT0/FGtxG8zDmug77QZ4n"}
{"__ans__": true, "question_key": "AAEAAM2XrhxHS+VNk9lcmTbQenszrk1rvrk0Dbn5G4e82NUd"}
{"__ans__": true, "question_key": "AAEAAFUMA84i/f2i+rmkfPFk2iMImrNF7oXipaaIFJGSZSd4"}
{"__ans__": true, "question_key": "AAEAAAtMJeUdHLQ1Wcts5MM0t6Dm04S97h9vQVJy5BBv4pbr"}
{"__ans__": true, "question_key": "AAEAAFYSsM/nT4M9nVnjsgngA/kFKmZHmchpfQ/+P9iieWmA"}
{"__ans__": false, "question_key": "AAEAAGnAACwxRUynZ+rCKwbqZRlCs2uKV3QDw+dHPUu/PCp4"}
{"__ans__": false, "question_key": "AAEAAGxHXY5j8RqDQR3l+eZcIfRqrxfQpruvAWljdQRZhgbd"}
{"__ans__": true, "question_key": "AAEAAHIeeVZfux7fLq+H4Qy5qfa2NGp14IClCkNgXngwLjF4"}
{"__ans__": false, "question_key": "AAEAAGf7wzY7tEOroOu+0QT4pbde4j+vmoNlIY/YCTtGRwRC"}
{"__ans__": false, "question_key": "AAEAAA9Cj63heUCbRVoFSNRDgDBTkSAjn/iyFDAhzzZi99G8"}
{"__ans__": true, "question_key": "AAEAAI2ONwEuIJNYruNNEATGOnzlgOLyjYM4qhC5uABa7Y14"}
{"__ans__": true, "question_key": "AAEAAKnmKCqHRFiCIO2B0YNE2j5HoDkhuYw0K6HxES5+m9aL"}
{"__ans__": true, "question_key": "AAEAALpcf7SF9ANFk/Kq/NA1HZVwPaOQLauLvU6R5zZAde9K"}
{"__ans__": true, "question_key": "AAEAALdi2aeRv5Fvmi14D4fmMXWr6totm3RQjzK8yEyUMcjK"}
{"__ans__": true, "question_key": "AAEAADHQzwSb8L6A6ZX4e/XijQ80pKUqiONB4LW0Nbic939V"}
{"__ans__": true, "question_key": "AAEAACV5CPdb7HOBROhYc+VFHOfY+ubq88H29ujRvVfzM9U0"}
{"__ans__": true, "question_key": "AAEAAAxc2LXx5/DxFlcXo7bv3AtQdALjbmLKXVCaMToZ+iJp"}
{"__ans__": false, "question_key": "AAEAAPjqOaUA3WxkzfYYm0ZsdyFQDaQrFg9c9GTTFIqASZ+k"}
{"__ans__": true, "question_key": "AAEAAGDEhEsJLNPNLLuOxV3Pf3znfqEB2HjqnYztJwD1xhRe"}
{"__ans__": false, "question_key": "AAEAAKcksW8kjDUzraPuqMC486lhYu80GqZkFi5PmGUy0Nhm"}
{"__ans__": true, "question_key": "AAEAAPmNxwrvfEqJxB6w0DrOEACjNEYyUuGOjUpOMm48ur3t"}
{"__ans__": true, "question_key": "AAEAALc7QnNX03Bjhe46WWcAk+NILpb8v1NbklnD3WKB0b9S"}
{"__ans__": false, "question_key": "AAEAAJqvjgfItyZkgjVDOCECMAyd4rmP+mfln//rMwA1Yd7a"}
{"__ans__": true, "question_key": "AAEAAHTkKcvMNhxBWrItlyElMtRkDPG2DC9w7rDhn9nvrNTo"}
{"__ans__": false, "question_key": "AAEAAH+SEshlaRqReOYgErnArHkoSU5fS9TZLrm9hMejxMRo"}
{"__ans__": true, "question_key": "AAEAAEDWQRhlw+G9/6NIi8nDACJPEuPgIjLsLoLom0k41GMr"}
{"__ans__": false, "question_key": "AAEAABw206hqvaEsmsVOxQYfvk9KrCezN31V4F8PQPaOtP9U"}
{"__ans__": true, "question_key": "AAEAAFw+yq6VgacEOKuY7T3VLR+Vy0b89TlwlYwVhDNgwutJ"}
{"__ans__": false, "question_key": "AAEAAFA882jQwAgTAejDYoZ93bQvFOx7Fe2wp2oOsunnOHB4"}
{"__ans__": false, "question_key": "AAEAAF30AXI0ULGWNuLRGdgGcbRdbHB1w2iRo0oH5QbmNzj6"}
{"__ans__": true, "question_key": "AAEAAN/yAiQUOB3TKJ3lGCie/X3bMKq2gARn0a7dvjjq+aBM"}
{"__ans__": false, "question_key": "AAEAALMkU1WlQjg7wjmb7UzzeyL3FnCDwj4NFINF3CrIkrt5"}
{"__ans__": false, "question_key": "AAEAAI1oTmFwIQiS+fHz0M6fcc7utalYzpZ6TNzLDM5xGDXm"}
{"__ans__": true, "question_key": "AAEAAGvPKnM7DfcrHVNY7zv2x2xCAplxre5BYkgskyv6NlaH"}
{"__ans__": true, "question_key": "AAEAABcIBowuv31y87aGLhXMJ6UyfyqBiWNNLJRmH/XQfBXl"}
{"__ans__": true, "question_key": "AAEAAEQdt5WSQyu2wQSnIsdln/d/XrCj/BKJlqgWYS7B9sFc"}
{"__ans__": false, "question_key": "AAEAAICSYh65qzhuGPGtGcjTVOreRyt8boIlpmHH8ZLRSrpA"}
{"__ans__": false, "question_key": "AAEAAGyVDWylPt4m7lBseCEGXFZj7Npqrhua4BK3fAQAnde3"}
{"__ans__": true, "question_key": "AAEAAH65oRfxed00JUOLWY0Y8XJ8z44jVYTYUQjjMvDAVgbx"}
{"__ans__": false, "question_key": "AAEAAIFUBREeiCOH2BhHYGtlpy6xbWbXMOwap9Dh+0t5JuiT"}
{"__ans__": true, "question_key": "AAEAAPzGcjK4ADj2QoddD7k0qPlMjlLjHVeIc/ZiFDKs0c2j"}
{"__ans__": true, "question_key": "AAEAACdcWWj0laYn49L6r3P9nmWWR9Wgu1V12+3asb/7Mz25"}
{"__ans__": true, "question_key": "AAEAABHd/U98IjNLoWvHONKi+DDJTtTkHt/2ExaJ/S8NXpfm"}
{"__ans__": false, "question_key": "AAEAAHqvgM88m5Ge6EyfcrwPAHef2TfAKglfSyuvyVNvDAnU"}
{"__ans__": true, "question_key": "AAEAAGubhGgaBfzkWylTm/liqI8G/jl3kLRwYKHx+FQf2ank"}
{"__ans__": true, "question_key": "AAEAAOtEtP5pwV8YajTBvDkNRcnuKvImCPK2phOhModvVPQ/"}
{"__ans__": false, "question_key": "AAEAAP0+tw+GsFPb48H7JjWaW/CYtdv+ObQvgfbQR5xsAN3t"}
{"__ans__": false, "question_key": "AAEAAJ8dEjPQ98NpMUgQ+U8cKIzeH219A8ZpeWpyfpX48Nod"}
{"__ans__": true, "question_key": "AAEAAGwaNWCLd46kxvaeFHQtVTT3em+BpmSRYZAOfXawwwPU"}
{"__ans__": true, "question_key": "AAEAABOX5eCRikbC8odU/rS3HXntxhiZsTY+JMqd32mcLD5L"}
{"__ans__": false, "question_key": "AAEAAAJ/oYNteKYUbc4OmOWwPVnOOMIpqShfYYKLvEclyYQm"}
{"__ans__": false, "question_key": "AAEAAAWSqy7Gs21RZk5wH5ChuNDZZz2IxBcba6ND4NGaGDEV"}
{"__ans__": false, "question_key": "AAEAAFmQxAdnWF0disZfb484Fp62IbcAZW4Mwr46e9oKd0wy"}
{"__ans__": true, "question_key": "AAEAALDCJhdc0OtlfCDie8i929immtxpMcCUkGsK+IBIoRdH"}
{"__ans__": true, "question_key": "AAEAAEf7tb+ivwViPy86YHXBaO+ZJzrLCb3gC5ipIYb/OIUb"}
{"__ans__": true, "question_key": "AAEAADHIAPBlSrfsDgZqx7uiG/97Rl1qNOYMmZnaok0tgkm+"}
{"__ans__": false, "question_key": "AAEAAHVGtBtoOfL/BTB3snewNUB3ZRVw6s1bOyvAfX+byxA/"}
{"__ans__": false, "question_key": "AAEAAIi+APsNCW1ftAgYB14QbC3JCvP49J1Mfq2jUumIUS7v"}
{"__ans__": true, "question_key": "AAEAABrHy9yz4LFd5PPZ6GZv8BsuCzFrH2+PX+DY9hLFW1pc"}
{"__ans__": false, "question_key": "AAEAAMOGjyYzl7timSE6zCxp0wl+HWMPGqV07/5nsDQsgR2U"}
{"__ans__": true, "question_key": "AAEAACzoi0Pkl1Q/nvTDWV6bA6r6iWiEUaBBnojFM1Bt0TyU"}
{"__ans__": true, "question_key": "AAEAAPiOzLiNxearAga5Dxl3PyVsuv/1jOughWxz3+Ur2x32"}
{"__ans__": false, "question_key": "AAEAAPf40smHWj9cEqPcdSKYojFHphOJBN7UnjJjDVMjml+1"}
{"__ans__": true, "question_key": "AAEAAEYvLgUpB1DLUdZ1UlukAKU6/YNpEmI4WdIK1j0UBncE"}
{"__ans__": false, "question_key": "AAEAAJFC1ixCywuQVFd4hcUn/ITnSTFRWEO7yhSOTjsibeU1"}
{"__ans__": true, "question_key": "AAEAAGQJ3talQk2ldBCRWCKIYkOM6iRIUiOO1ETFlBJjn6RB"}
{"__ans__": true, "question_key": "AAEAAHgRwFjtU4ZyRvZIuPZvuVDKU+V1hGFCh32NdgEoDhZY"}
{"__ans__": true, "question_key": "AAEAAPg0cDQjqli0giAy7E1LnDXqr9g39e9rQluyFiwo+0jG"}
{"__ans__": true, "question_key": "AAEAAFE2ysdfQjXfkAy+jOd7UYkmg+ZJkDspwYrlOYd7EWxy"}
{"__ans__": true, "question_key": "AAEAAIpwUt4AytVFI4n3HuiOsLtVUIX9MSQTjcUFJKB4N7q7"}
{"__ans__": false, "question_key": "AAEAAH1ao+RoRUOQGiR/TvZUm4GzLjyMV1Izra9WtumZ+LxI"}
{"__ans__": true, "question_key": "AAEAAGAhWYRqgoTbGW2vlYYc90w6pNZJPs3Tq7JJhtytRes0"}
{"__ans__": true, "question_key": "AAEAAJQN/QjKimbwskdnqSGH7A6xWlPxDZGtUUYRQ1p+ebeW"}
{"__ans__": true, "question_key": "AAEAAIpsSOHKDqQboWKKungmYREI8Nal7UC4w9SmUbwAclb8"}
{"__ans__": true, "question_key": "AAEAAJtKeSl14ck8CXBC2OeHQuLKzNZn5Cl4c37aaz1sVStR"}
{"__ans__": true, "question_key": "AAEAABa10EscF/wneeRmx8ruSO3vgkX0E1sDexngX2f8EvvA"}
{"__ans__": false, "question_key": "AAEAAKbhoVBlkDtE6Zci+iCnFHt2NdJDUWOfbpKntfKsbJ7+"}
{"__ans__": true, "question_key": "AAEAAEA9h865e1vRRXgKodClS4BYGsxxKrrHp/iLLezJ5vLC"}
{"__ans__": false, "question_key": "AAEAAOwGDYetDHOIK0S0aQG6yOypDglFjSmAcpHeHe9kviRP"}
{"__ans__": false, "question_key": "AAEAAPBRjdNHDV/vHPvR7Ef3/uNcQtx3ZK70YiBK32B80fwa"}
{"__ans__": false, "question_key": "AAEAAGopp3t48IWrMz1LW1/+oBdvbjS6wCNr3zot0S7k9TqM"}
{"__ans__": true, "question_key": "AAEAAPYAx7SoEyCXD5QnjuAnzdEbiUUu+HqNofHoTfKf05Of"}
{"__ans__": true, "question_key": "AAEAAGwkV/XBDH+eBEmlfcosZ82yXHfrMcemwueTfwDjFwf8"}
{"__ans__": false, "question_key": "AAEAAMWy7OkzGTcxBHTYi9sjDnAC+VhvvvsiFrdwFpP9W8fR"}
{"__ans__": true, "question_key": "AAEAAEKiFicEdpdiB+Ew/ZVuGF62Bsua0FuAvFR+pkohC5Fx"}
{"__ans__": true, "question_key": "AAEAABcQsBVlF4Pv+4r1Dn5MpK3Xxe4q4P6IpzgPFNrs8F+T"}
{"__ans__": true, "question_key": "AAEAALjpXiJuaJ+RgLWWZlMr1BwbBc8j3pyYR098q+4xKLxl"}
{"__ans__": false, "question_key": "AAEAADntT08QVdIfuePsmTTkIH/m1iGKnymZ4bvzrISUqiBJ"}
{"__ans__": true, "question_key": "AAEAAJpHP7aL9wEWGx1QV3DngpedexhE/sio1hRUgUeANHnj"}
{"__ans__": false, "question_key": "AAEAAANVrbqaxMFf+Yobv/QvWog4nKhdr+UzsC/sUmU2pNlK"}
{"__ans__": true, "question_key": "AAEAAC+OK/JyUxBDezmKlHhSXBeBVYEKRAx5AulTXFmGbP73"}
{"__ans__": false, "question_key": "AAEAAAEO93KeeOS2lbpei6sRfyLHwQPsxO8H0yK/J1yOG26c"}
{"__ans__": false, "question_key": "AAEAAExb+lIHD2FQgaemwMmV46UypkqTbvApP2rxlMLQgNsY"}
{"__ans__": true, "question_key": "AAEAAGCJ8hvjPeLSWBzCu8omrPLUD7PJazDrkhs+jQq0ndXC"}
{"__ans__": true, "question_key": "AAEAAMqwkL8XIYryU62NIc5kVFAFLEx13gbFfHIC4aI0ZFNs"}
{"__ans__": false, "question_key": "AAEAALuAS+npQroEgC/xkPokOnuq3Pz0Ee5obsvl0wYPLO+Q"}
{"__ans__": false, "question_key": "AAEAAJ9u5GuXUY3z9BLaVWsRAl4oBABTIpeGhCjdU5JfSgSi"}
{"__ans__": true, "question_key": "AAEAANm4jdxK7//8xQ5yoPamtLjhDkEp4PDWgy7zmyIXvJKD"}
{"__ans__": false, "question_key": "AAEAAOQro86d9OuhM+4tXJql4JE9yJDRRen/qC+hPl2U5MFZ"}
{"__ans__": true, "question_key": "AAEAAJJywtQSjUDnkYzZsDYSHTKexGfJwOQAf0/lGGtGUVr6"}
{"__ans__": false, "question_key": "AAEAAFDDQPtF0Fy3C0GAOFijmYSR1YsQJraMTzo8UIuFXOKb"}
{"__ans__": false, "question_key": "AAEAAHKtn2g32FHOe6wuKKuGCKbkSB7aS5cxKLwkqOrNWZM6"}
{"__ans__": false, "question_key": "AAEAAOunBnqGUN6lkHZ1E74FIj6mmDT1J3pwwSDMX+Fe4fE7"}
{"__ans__": true, "question_key": "AAEAAOuTkpoF1G10rs5DwIGyzQ4DtSQxIs60whQb+bU191qi"}
{"__ans__": true, "question_key": "AAEAALTEPOzjwU0dkkWISwb7y9UzB5ef2Qoe5TLscbH+sgV3"}
{"__ans__": true, "question_key": "AAEAACZ4pvf63XrMnLL2UaZnPmBWjMAdAE1KTXwo87j1n3EK"}
{"__ans__": true, "question_key": "AAEAAPZEPRCXLpgnceEvRMorj5s2ecVkhVZ8sXIunZrE8mO8"}
{"__ans__": false, "question_key": "AAEAAMkXIzc472PSamGb8jrWg6J65POzlYctho+Z2KoykZ8c"}
{"__ans__": false, "question_key": "AAEAAFmq/fRHjHDhYjl6RNT7IVuqdkCC7iRn1cJNKZUOXfuf"}
{"__ans__": true, "question_key": "AAEAABAHBwWzErtBqVMZ123p1bAPupn13ZaOCbfPLsb5qKco"}
{"__ans__": false, "question_key": "AAEAAD/CwXpQnuV1ks9VqVngj+DYjWa202iOG7Wtjgkhv0Md"}
{"__ans__": true, "question_key": "AAEAABpH0P1dK8k9jm9meuhUFGqKfbKQhRyoplicyngBlz/e"}
{"__ans__": true, "question_key": "AAEAADzajbfEBM6bKbSgvGdsLfqX7fNLt6/q+plYKbJ8Eczp"}
{"__ans__": false, "question_key": "AAEAAIp0v0oh5HZ8AaZx4JbotigQewsMSUt+G9ym/ZP5PaEK"}
{"__ans__": true, "question_key": "AAEAAKFYsER9/OKogMNQA5uQqmeUjNaEiUFlE9oxrSu09PK6"}
{"__ans__": false, "question_key": "AAEAANq5dw69jDVpY00OfYNlzYo/eIxPn7g48sA9WL+WMxnB"}
{"__ans__": false, "question_key": "AAEAAB//1blApO8mrJjNhiNoN7PfRNK80xU4krVV/pTz0xkm"}
{"__ans__": false, "question_key": "AAEAANj1ls6bHX5jf+ChORAyqcEvPPfke8RgaBpHZMs+5K25"}
{"__ans__": false, "question_key": "AAEAAAW5vXItAuayhdKBVdCNlDxt8q2c7R10nVLaRQ6gRUfC"}
{"__ans__": false, "question_key": "AAEAAO/5OTDf03BUh9gvRNaEpQfLIvO+RgJPEnb5rLhKMoDQ"}
{"__ans__": true, "question_key": "AAEAAJVHSLMMhrUAl0pczk5noQ4bFSFJsUFmPebqcYY1pG0D"}
{"__ans__": true, "question_key": "AAEAAEu5zs2MHWfOpNCMb+uxXToIqTgb7jbSjSBRkNAIZcm1"}
{"__ans__": false, "question_key": "AAEAAC+c86hxsit/CjM++Z2ktOfB7nuaCszKGwEuRHc6Hqi0"}
{"__ans__": true, "question_key": "AAEAAJ0vy0Tj3hdV6sl+k1c8oPvy54GjRblZbVnaikXmWhON"}
{"__ans__": false, "question_key": "AAEAABW8Q4tGQ9D9Hl9vOrOcFaio+tiOU2t1OFw/tuuchIbD"}
{"__ans__": true, "question_key": "AAEAAC83HVApyjEzC70EfMIbCPo8Rr1++/QtCRZ/b6qf10H/"}
{"__ans__": false, "question_key": "AAEAAJj1U68MXfPrpEnt9/BxL5fM5jMJodvWQ5DJJRgW0aqX"}
{"__ans__": true, "question_key": "AAEAAMdZxsEGM35M8oAMsE1XVkfMAn+EZM43d27K8zz+d4em"}
{"__ans__": true, "question_key": "AAEAAHA3rcxp5gn2B47iVPyA0/ryOUcFCjM+XP7qk3th/CNm"}
{"__ans__": true, "question_key": "AAEAAGe53vFQsq5WE7+MnIR+oXpf1/DqjsW3Z5Ca33l7He8T"}
{"__ans__": false, "question_key": "AAEAAEbUNj/MbQu7fHq2ie8nO7m2J64AwlTWExw6YrkbxEy6"}
{"__ans__": true, "question_key": "AAEAANOP/VJ+X43UOzKP4eBZrTdyiLkgunFLlBHCbD9x7ufV"}
{"__ans__": false, "question_key": "AAEAAIrSJyq1C4EQhLd2PRSWwmkwkip9q7rPkI+avK8LCt5H"}
{"__ans__": false, "question_key": "AAEAANle5mH5RaVtSyRPftqkyNAtYWY+Q4YpQ0ZuA6shshCv"}
{"__ans__": true, "question_key": "AAEAAN4gBqvy1OBYhwpU9LOVnfm/YjxYd2vnQ6LI2uRxIxhv"}
{"__ans__": false, "question_key": "AAEAAOJUAtprh8r0z1QRCS8D0blVWGqy3dcsDifTa1Yz/arr"}
{"__ans__": false, "question_key": "AAEAAP7NxgkZtXSKfjVT4MY1nhSv98Hm4+Ca/4oSUNvAXDjg"}
{"__ans__": true, "question_key": "AAEAAF/WlRia4u3Mfd+1p8lN4MIH7vXvg8cyhGhmhQxxGYEJ"}
{"__ans__": false, "question_key": "AAEAAKTB6s7bQY2kD75/89foJzXzPMdC48bqKHu9VTbh6Lhe"}
{"__ans__": true, "question_key": "AAEAAL87o3UjI6xJxaIKD7mFXnp9DNUf8UFzHMbWIQ1IsFC9"}
{"__ans__": false, "question_key": "AAEAAHk35a8M0uPOEUQfgnfZldy7NsqtSgkg9Pz0cPVnSkSB"}
{"__ans__": false, "question_key": "AAEAAAob+xU+WfW7evDhoY/YGKBoEP7kNOJUi7TLeNjTjxlD"}
{"__ans__": false, "question_key": "AAEAAPCtnXFG5xkDWU2r5NzIcOq8PW7Irbp2MsEZOk8eDHv9"}
{"__ans__": false, "question_key": "AAEAAAXI/Gy1btZgrC8yWXXWwf1VEp1k1EwIIeokom3vaDHj"}
{"__ans__": false, "question_key": "AAEAAAP2BrKbXitWcgts1b4/DWLrl04ep7ZmzenpLsPFXfNI"}
{"__ans__": false, "question_key": "AAEAAKraB5iIloV41du+O97QJfXL99zfJSOOuYo8ta121QHe"}
{"__ans__": true, "question_key": "AAEAAB1IdC4R8cxLeLPO9keHwZldDv1rMzLBHGrpg8SGtFkq"}
{"__ans__": false, "question_key": "AAEAAMJDNk9mhYyhqHUzd6OGYnMr4+iUfTTUUtzKsVfPSq8k"}
{"__ans__": true, "question_key": "AAEAAGSRaFVhH3kv50DY2bAWCTVkJCPJhJSGeDDzqKQm4Xnr"}
{"__ans__": true, "question_key": "AAEAANWeO0eWRDkXSVyMe8zEZamxvGqYm6iBOqYEfiy1OdqN"}
{"__ans__": false, "question_key": "AAEAAMFvfz/ZfUmDIoc7rbhngr2lf7jG8v4ZGBnvGatQWsmh"}
{"__ans__": false, "question_key": "AAEAADVniSza1FmXJKmRUhoyrGuRsCSd+5e7d7I1TC2tcTU7"}
{"__ans__": true, "question_key": "AAEAAJYZa8eQj1MjxFKMHrqSvI0gMQ4himSxCILOJ7EAahK6"}
{"__ans__": true, "question_key": "AAEAABvmgIOTeN00FMNQffq4qFvAZK192ByGuOYm8bZZxhd6"}
{"__ans__": true, "question_key": "AAEAALY7hP8T/EMOlpc/PinMd8LKAAcTrsYiegPQOtEqyENu"}
{"__ans__": true, "question_key": "AAEAAOkyoE3n64DAqg9V8Yhtv4lxf4HpyXycYBrkZt6sy/d6"}
{"__ans__": true, "question_key": "AAEAAAzarLThzyFVk6q4ynk5c+zySFoK3LJbRcn221QfA1xe"}
{"__ans__": true, "question_key": "AAEAAFObh66vhlRcpz3zy3AnHefIO1tUx9hP9Ai7+Jemb1y2"}
{"__ans__": false, "question_key": "AAEAAPGi9L8mCBPbn8WDBtvoJ0CDaysT2+a1d5/A45yBd/W1"}
{"__ans__": false, "question_key": "AAEAANz9gLG4jip6dFbHT4guWzElmDqJN8AkgvASVZnxZY7Q"}
{"__ans__": true, "question_key": "AAEAAI0RZDTBDgVOFu9SNlutGZwWE/Mx2BGfAPi9NUjWlnJK"}
{"__ans__": false, "question_key": "AAEAALbBNhfz7GO5GxbA+IFSXTsLRUdBPbHATZsXORZh1ikB"}
{"__ans__": false, "question_key": "AAEAADr/jCsvWNFwIN+F7vfIyTwORHmJ4RKQXI3w5XySBa2H"}
{"__ans__": false, "question_key": "AAEAAO/DFvT1MJPxx4MVU6v/+YZ/pm2gYOt0X/LiVJ1jNPmC"}
{"__ans__": true, "question_key": "AAEAAC4AGwlKIrBTx8hIGkUev5EzCX5bE58IqXjmjHeDSgWT"}
{"__ans__": true, "question_key": "AAEAABwy5IXeYeajXdSyY2FfiXvdVhvyLlTv+fwF9D9r1cQJ"}
{"__ans__": true, "question_key": "AAEAACkpRO6lcUYJ+MkPUn63NlDhukbSLWYApRgluI0USew/"}
{"__ans__": true, "question_key": "AAEAAPPlvLJpnObJiDV7ilzyB4yT7dg4y48V+akCfaxwtRUM"}
{"__ans__": false, "question_key": "AAEAABhTJ7vqZamMdg4WRVVGwBKeLbao1IGeV6BFdkuXmyoZ"}
{"__ans__": true, "question_key": "AAEAAFcMrSXKdi6m1/QU2EeyY+91fQRw6XeTfCEDG/Mr42V5"}
{"__ans__": true, "question_key": "AAEAAPRiYh8x/H8os9GXgg/cOOaGAqfZqPLeWw5pVe+6mgfM"}
{"__ans__": true, "question_key": "AAEAAJ8g/htvIV1pzSr+kW8CtTayo+MUj6LLxrYIP06u4Suo"}
{"__ans__": false, "question_key": "AAEAAEQP255WFKJbFRynZQoEVaQUWZqDE66V9RylVOMZPBBy"}
{"__ans__": false, "question_key": "AAEAANmb+N81KCWnVFzKVCtUQXbwquMZcBz0IOx1fgPoNMRB"}
{"__ans__": true, "question_key": "AAEAAPnl0gXH7mMmeXdph4oBGJbdx141PsS5BOuwoH1aHIOI"}
{"__ans__": true, "question_key": "AAEAAMH1KAiELsElzIV02/hky9+WXriLZbag3KelOZcCGkO9"}
{"__ans__": false, "question_key": "AAEAALX2isXOIh+rzz9bvZ+7VfARjuXKfcucqQt8q2GzE5NR"}
{"__ans__": true, "question_key": "AAEAAMrCiFCR9J7xCZ7G3FlI/ishwWpd0zhDf4sR3UW4kl46"}
{"__ans__": true, "question_key": "AAEAAOlex0c8abbsa19Rj/Ju+6yJxdbYi51HHigsR41kzTv7"}
{"__ans__": true, "question_key": "AAEAADsvN5e8IIBZflLNMMYrNTdE2KtFsGJzRU6mzshGarcV"}
{"__ans__": false, "question_key": "AAEAAExLCYqbJNL6bwIe9tBJmPWy2yDbhsTyv72oljvLihNM"}
{"__ans__": false, "question_key": "AAEAABm+XCQBeTUAyIQRfFw0MaN8OpI1dXA9XGMsqOomb4Ue"}
{"__ans__": true, "question_key": "AAEAAJDgO43vJdp28Uh7UsQ3vBg3Cmva3Z41D4zrM1BL6PtO"}
{"__ans__": false, "question_key": "AAEAACTM3wAeVB74QxcqxH29DjW+iXkqEdBpt4tvra7V77Qu"}
{"__ans__": true, "question_key": "AAEAAKubGL+AocWkDT8R9abgU9sjBZkBNvgoEcZZkFDAxwwq"}
{"__ans__": true, "question_key": "AAEAADvGsmQrjEcb17ZGIxyrNHh1yxuasG2FEHTI1w2gta7j"}
{"__ans__": false, "question_key": "AAEAAGWwaZYdhwB0m2cLin35iQ6ED1eNy6DTNSs4HX1rnCQh"}
{"__ans__": false, "question_key": "AAEAAFY7qYDBSa0QREeeoXlZA4bAU1z8fB8KYkm+R14Z9uy4"}
{"__ans__": true, "question_key": "AAEAAJJC9uTIaeHR+6j7AyzhwAgbwYV3zO7IRNeRqED0hkpW"}
{"__ans__": true, "question_key": "AAEAAFCfYTHOttjPKWHtTnf2NXqfD3obwfyab18BVC5XM/+I"}
{"__ans__": true, "question_key": "AAEAALNy3ofzq60tTel/Y8tWclEpWMe66rGHZrToxmLQ6xpa"}
{"__ans__": true, "question_key": "AAEAACor9h8gMopqo1xIroo57vUymWbh0LW7S8UbqecxK6bw"}
{"__ans__": true, "question_key": "AAEAAKYEQ7941IEa1mkBfOdP+J8Bbq016N3aUcoLxKjcGZw6"}
{"__ans__": true, "question_key": "AAEAAImJ3nl8srlxQ2s69/FPhrYCCBd7cctXRfECva674XJ/"}
{"__ans__": false, "question_key": "AAEAAMAc9Ird4Z5Db+fMugStGE6k9kmUm5drFZAus/vE8dQf"}
{"__ans__": false, "question_key": "AAEAAC2SZQ5h+Q/okMs2vqJhEXfhNofwoCjz3KCWb114Yawf"}
{"__ans__": false, "question_key": "AAEAADfQTR/p9yIH7Io1V7VEEgnUXUQ0kFb4s71UG/rQLPXN"}
{"__ans__": true, "question_key": "AAEAAPJmj46c5+JMAvSc1vojuNE/xlOgCoRKqdlXB37ss8Mi"}
{"__ans__": false, "question_key": "AAEAAJkTsDWxcxxzE1h5x3w/c72ETRqscucIc/y8/MtDpr9n"}
{"__ans__": false, "question_key": "AAEAAEIMdaSZ4+tcTp/h32OwaB4BuVsI4JhTUx4o4AMukS79"}
{"__ans__": true, "question_key": "AAEAAHgr4q8mcROEtvFgqb25470Ytx7xOFjZKaP+7rnRVJKG"}
{"__ans__": false, "question_key": "AAEAAPqV3ImGEqJHbZ5Oy1ZtE1bP3IGf2ISRMW+W2ItjukSh"}
{"__ans__": false, "question_key": "AAEAAOFQaNfGCZA2bA+vfYyyZgsywh+L/P68x7mqu5PDLqns"}
{"__ans__": true, "question_key": "AAEAAEMa7GFG/qvUiXvJF6ltduc2wYhYQuDLDDUbQLPoISBj"}
{"__ans__": false, "question_key": "AAEAAAt6lJ2WKJmnyNcUGNp74kv3JR1yJ6SzMfnRseEL+C7e"}
{"__ans__": true, "question_key": "AAEAAGjK0yI0St7aLhzd7lg5Tnak/vRvfe3MSUD+Wsrs6xL9"}
{"__ans__": true, "question_key": "AAEAAClUb+p+F8F2n1Py3G1fQ17kyfSGa/Wg+RE6POdDklti"}
{"__ans__": true, "question_key": "AAEAAOGQ4n8lg4xUYuNYlKDoFqlvyS6sgW2yDNHYGZ16Nxoj"}
{"__ans__": false, "question_key": "AAEAAA0zDdxuW67+gpFYR+QPKWJBSJCX99Ldgp21FTrorS0T"}
{"__ans__": true, "question_key": "AAEAAKkTuJpV3qAGnk80q+MhvdWXUy9Rf+Lf8Zs4y2BH5i3j"}
{"__ans__": false, "question_key": "AAEAAAKNZIU3DiFSCEbh+MUPppy48X2wVbUnU36WhpJ4ItT1"}
{"__ans__": false, "question_key": "AAEAAIyjUdBWHoqHQWA/w24DeCYD0+X3NF2Buvf/6F+8/R0z"}
{"__ans__": true, "question_key": "AAEAAO3BGF091lL09zHNDGq8Jei3Bd0Z6MnZkNID++iKht7M"}
{"__ans__": false, "question_key": "AAEAAN3hIUv/TcmjgH7HaLzyyrJry39oB0xzFi86gs0866Xt"}
{"__ans__": false, "question_key": "AAEAABqnxNnuqjco2zHKkco74oUFQm+HihlJMCE1w+mInNH9"}
{"__ans__": true, "question_key": "AAEAANbbgosL6zQ4wI7cmEOEOfhu1xekSCsL8T9Dpc+XrAt/"}
{"__ans__": true, "question_key": "AAEAAKi/aenB6DeSq+38g3VmiX9UfHJT9qBRDw46+w0wfTnF"}
{"__ans__": false, "question_key": "AAEAAKvJxPD1grx5VFocCK3EU5cwQqeV/aJIdHprF1PQ95xe"}
{"__ans__": false, "question_key": "AAEAALc8EEsLA7CnsBWGq4MxYDP1wnvMpY/urwkjyF3nfVAH"}
{"__ans__": false, "question_key": "AAEAAKExgCGWD9xtCufPqXstRtur6C8omrmFzUA+Y7VHnaIf"}
{"__ans__": false, "question_key": "AAEAABIm8lna/qHlSfwpFx05QArTehChOEBUie2uadUSYi6g"}
{"__ans__": false, "question_key": "AAEAAO8v+W4Er+Nnftft0ENFmZaw9EC7XYVy+4gB5Zl1G2P/"}
{"__ans__": true, "question_key": "AAEAABd1wakIQU6xYDjXNTwdqnL/Ao/9rSnqOIdkR9rIzput"}
{"__ans__": false, "question_key": "AAEAAEHmyBeZFiI7AS00GHdRdSrnJs/jFhPvnwK4f/FE0izu"}
{"__ans__": true, "question_key": "AAEAACjiOMmqZROM1BFbn6+ei5S+xHdmudzyGt9EaEbRonWN"}
{"__ans__": true, "question_key": "AAEAAEdcNLA6T9iXs3TUknUgt83C/GIeA/rxx3bbhhwVs9/9"}
{"__ans__": false, "question_key": "AAEAADHQreJqqpTUN9LKfcVJU/H3txAer5gt+8P0+ajDFBNh"}
{"__ans__": false, "question_key": "AAEAAA8OGqqdcWkZDruiXEaRPa/2QOMBrUiKji5wSNP5XAnu"}
{"__ans__": false, "question_key": "AAEAALx5m5YmyJmIG6jizV8cOvOXXLI88NM6zF3AgKwbQYau"}
{"__ans__": true, "question_key": "AAEAALcXSKjdnwM1o00p8hibeZwRmHJ7IlcPHruvjyvKHs+3"}
{"__ans__": false, "question_key": "AAEAAFIN5C+9MpUBdzvtCf+mpMUxkEH49/iyNhxqepgh6jCI"}
{"__ans__": false, "question_key": "AAEAAELY9StKMF272/rgsFGDXxS6OBWBAjEQ2CqPTu2g6eNq"}
{"__ans__": true, "question_key": "AAEAADOF471Dg0mZWBih/0HYsSjfpz92LCMCCvB1ZczdTPNN"}
{"__ans__": false, "question_key": "AAEAAJLJeoUhRj0S2salw9mMwXy7k1pSCSWiMh3eOcdM3ub/"}
{"__ans__": false, "question_key": "AAEAAAvMlS9wDWckId1iddPAXvQ/fwAkLHHTNY5zx+Ix4R5n"}
{"__ans__": true, "question_key": "AAEAAAqTOZbbYsb5dMeARf01M6dxjvThTP6Av973hr3PiP0c"}
{"__ans__": false, "question_key": "AAEAAEYAKGk0Niro61KUV1K5hTOtqI+NORoBJy49m+WZw73m"}
{"__ans__": true, "question_key": "AAEAAG5EoeYtyiExVAv+Rmvk5KBZhxdbHZOeV5E+Baty7GYC"}
{"__ans__": false, "question_key": "AAEAAIz75tdhc10N0g6iJrPRc2soxOtKWw+PJSR0Zy6jkesI"}
{"__ans__": false, "question_key": "AAEAAH2BMga1nh8Okb4XbJx26RpG4344f4Aa/l1SXC90qUgO"}
{"__ans__": true, "question_key": "AAEAAEu/7WxPBdIA5Lyrj4cVU6NPfpM0CRaKVbzmFoE2SPWz"}
{"__ans__": false, "question_key": "AAEAACCsEcmRJ6+zj5Su95udgNyMyyE++uWLT8Olpmzf85A8"}
{"__ans__": true, "question_key": "AAEAAEReFSr94jtkP9b7oB6KXcq463dUehSxL0WsMj6qoQnI"}
{"__ans__": false, "question_key": "AAEAAJQO537NdXL9PCssXjiKr8D9qqdjX6Toi4TXzZanHTkZ"}
{"__ans__": false, "question_key": "AAEAAE+iS++yRdqtUdCPfcVT+C4qAsG/9jWsYtfaSlJCWq85"}
{"__ans__": false, "question_key": "AAEAABc7tf45uBs7cFY72Xwzs2NfHak5GHnHtHfn4HHKYF4U"}
{"__ans__": false, "question_key": "AAEAAMuPkVJeyAZV+ymEzYq2HVgK6cEU32eaGrYMPXOvD5Mt"}
{"__ans__": true, "question_key": "AAEAAG+UCUUfHm4Arq3/saAN7L1r1vmZ2HiPTDdgwjIOIi++"}
{"__ans__": false, "question_key": "AAEAAKJ7hg5r82wTLBRk49SkvC8PQGNAVZvNk1vA40/50M8+"}
{"__ans__": false, "question_key": "AAEAAF3snXelLCpqSTHmBq4JWJBdQxy+72XrzhWcIBixajB2"}
{"__ans__": true, "question_key": "AAEAAFzQifi3sk2ulBXBOYiox5y8aZXkBV5rP1h+czueOQsV"}
{"__ans__": false, "question_key": "AAEAANBMqD4OYJBWQlb6PtKZI4l3kS8OEELPk8n8b4V/ncGU"}
{"__ans__": true, "question_key": "AAEAACD8ZYpr5B4vbOnRRJxzcYtgWho4brsMNwpe6O2ZdqEQ"}
{"__ans__": false, "question_key": "AAEAAPPA9LSdyGe6U140qpUiJE7faONIUu0wH79NgVkxjYEa"}
{"__ans__": false, "question_key": "AAEAADWTwBdNfrL4CsVftHUhB2H6BpFGxnHi+gu1UKOf7Yel"}
{"__ans__": true, "question_key": "AAEAACpYskuByJPbgBjjcTMwOUZPa+XYBab+vZrpjPqGd+E7"}
{"__ans__": true, "question_key": "AAEAACws30tb9h/XMWHaGKgCbsS4AUyX5xpKeHUzV0eW1iTc"}
{"__ans__": false, "question_key": "AAEAAHGtqmu4KaXVVjjCs2eXXOwsxO9DZyCSeTKGijuM8qih"}
{"__ans__": true, "question_key": "AAEAAKgCwJ+zhiXb1RWaV+n4qw/kHrd82aEMRWH9gZVhEwJY"}
{"__ans__": true, "question_key": "AAEAAPD0s5vOLGbWVyHTfavgQqzh7YcPoJkR92NUuqd3HdIa"}
{"__ans__": false, "question_key": "AAEAAMMJsaJVQudPQjILV5AMKjzDUsEUW1O8YM2Q+TtjssbY"}
{"__ans__": false, "question_key": "AAEAAMYgVZbrRsTecYoDbENeH2DqvQT+zbMVu8gUvmDZYBio"}
{"__ans__": false, "question_key": "AAEAANfoHC13qE17Jw/VN68GRQX42ZMF3Ozma3wgelZez8mS"}
{"__ans__": true, "question_key": "AAEAAM+9lgCFHUgaqNSBtF0C2+QmJazhWwyQqRN8bGzSBfnQ"}
{"__ans__": true, "question_key": "AAEAAFn6pE4AoXfczJK355OS6x2tIQR0fBOMQXquWDX+Pfli"}
{"__ans__": true, "question_key": "AAEAAE7IKRJYuQ4TAhlDwo20rNcRK4tMHSMzVd7bT5A5hlDK"}
{"__ans__": false, "question_key": "AAEAAEROORtFQOok64Fy7eaLCrO51aXcD66ghDeUnDDqa1ME"}
{"__ans__": true, "question_key": "AAEAAJ/zB3J6bl1vqgI67v9vZCV8f8TIjms4C8wglizwce4i"}
{"__ans__": false, "question_key": "AAEAANbzRvZ/TiPqsO4VKef1sMZTISVOSI4KpBoNUEsiTMPR"}
{"__ans__": true, "question_key": "AAEAAGln22d+u/38DOmJOcIlLSQsYuuLy6kzCNy6P1iRi/Yz"}
{"__ans__": true, "question_key": "AAEAADol2hPGUEs1LRnKnkvBbx3gD9ZIn7KU8OtKH0llzQC8"}
{"__ans__": false, "question_key": "AAEAACP0jG0Eujf02YIXGCP1QFfq1xnxoTMpATXWotkGmDkl"}
{"__ans__": true, "question_key": "AAEAAPwbl3PQ3SH9As9xmaEP/i2luRtOAyWfFuFSdAjxwLTV"}
{"__ans__": true, "question_key": "AAEAAPdyWKT2ADOFfChk3YymZCHHfHg9YScoR6627wpJg4QZ"}
{"__ans__": true, "question_key": "AAEAAH2vUqUu5lpiWJ0w32PD1YtcGYTm+RaQu1ayBUidWjN4"}
{"__ans__": true, "question_key": "AAEAAP7qDdQkXlbJULnwmnHTc4ta2ulDBtTex6HN9WnqB7Ol"}
{"__ans__": false, "question_key": "AAEAANckU9V7e3dEcXj72YsO/6QFvIebb/vLL74Oxn+EbYhk"}
{"__ans__": false, "question_key": "AAEAADSKvhfe2OZEZtuXN/dUYaq1JGyLIdgjDHKeLE9ik0tK"}
{"__ans__": true, "question_key": "AAEAADf+ssowA+vP1b6qS4UhaB/W5fpyLV37d7f7439XqmSW"}
{"__ans__": false, "question_key": "AAEAAL5lKtEr1gybO8g+wvm9vlT+PD/K6NUbaeo8/uqRa71a"}
{"__ans__": false, "question_key": "AAEAAAj2AwRj/KkCy0rPytvXJJNb+vy6qXB/wQoz8YNcr+8w"}
{"__ans__": false, "question_key": "AAEAAAiVUwBKIieR6beWJbb5VgGJkelY8Pvjz4a96UgQQE/i"}
{"__ans__": true, "question_key": "AAEAAHmNJzKScPnhdkJxLwpDMAkf1tcef6r2ls15c0EDf7xL"}
{"__ans__": true, "question_key": "AAEAAL3GmkjM9SRW7ozV7Dk2ErgguI51lGEcCPMEqbC7SVQ8"}
{"__ans__": false, "question_key": "AAEAAKreQOqcQvl6d4Ukw0e3hm0hJiZZxUIH6LjUDMQWHOap"}
{"__ans__": true, "question_key": "AAEAAB8acwMCA2nOjlKQ7bdGmQvd86t3txUiw32RNTnGjQsg"}
{"__ans__": false, "question_key": "AAEAAJNYwiDvPn3DSaQSGmRF+DnuleOzxUQDRNg8ZPSxKOYA"}
{"__ans__": true, "question_key": "AAEAAMwNWRS+MSY1wnApL9umUSOMAYkKHDlUxI5GqJ6YCTpE"}
{"__ans__": true, "question_key": "AAEAAKSM2TyLg+xYK1AuhNfWhliWO47gbkmALfGCGR0pVGXC"}
{"__ans__": false, "question_key": "AAEAAN93OxKTIocWk5oRd8ADBT4bxNgfUyQJMbXbHajHwWwM"}
{"__ans__": false, "question_key": "AAEAAPFpETIzHVEg+jIK6XGJAM8UF5y3dOG8ywupJFhmFlDf"}
{"__ans__": false, "question_key": "AAEAAMKhhFsAl9NrLwOB96MfAWlbUSfarZg4u1qhVJWbJJlK"}
{"__ans__": true, "question_key": "AAEAAOs8BvGVKegGTxc2JAguwoC+nxoSniq6EplxfX96s4gQ"}
{"__ans__": false, "question_key": "AAEAALlnQJAPbxXmnmdzKdA8lcmx4eB2vXWOScPnVUSv243K"}
{"__ans__": false, "question_key": "AAEAAEmjAS5xVU+XMQ+2Szp+xKm32X/poocRZFJX2QGhxAia"}
{"__ans__": false, "question_key": "AAEAAFSnCXrzCG5Pd2x0wspaxXKKC+xQD7kNyKAkOqQKCjp1"}
{"__ans__": false, "question_key": "AAEAAKaE9yUkRg5uxAXD+envwa2NBtQDOzxGkuvDVHObc0js"}
{"__ans__": true, "question_key": "AAEAAI65uuuM2ny82G4GYduX/bnhwKjlNZ8cv3dvlPIzGXU8"}
{"__ans__": true, "question_key": "AAEAABcFIjI0YrLmla/7cpQWHViSYS/PTqunXU2+X73jayVF"}
{"__ans__": false, "question_key": "AAEAAG5NiG7a4VZpMBJP1ocqa86FCfXErVTETFOsVJNcMrOm"}
{"__ans__": false, "question_key": "AAEAAPcty0h+jjW3S4XhY27rrt6Y+/AcRssk6xj9KXu+pXO/"}
{"__ans__": true, "question_key": "AAEAAB2/7/ykGPvtE45ZLaarp/II9PagqQnw3/Siv8WwVfLl"}
{"__ans__": true, "question_key": "AAEAAL1vplZEef6NIe6NPlJmmDzWFJqqRo0gNG2ahztdHdjf"}
{"__ans__": false, "question_key": "AAEAAKjPmgZD1A/KuiKvBd7/40zQnuSn7jPXzWEXkYjVoBNf"}
{"__ans__": false, "question_key": "AAEAAE5kv1ghP3iAAExhM7tZF/mDad4PddnEktYzh1hrOGpl"}
{"__ans__": false, "question_key": "AAEAAMvmbTjFAJFLJUuPZo/EWDt3ylwqKnj89SGxCe/YhgmA"}
{"__ans__": false, "question_key": "AAEAACU522MF2TIc6MzQmfpeMmB4bueQfWOlphcvX8wHz7Y0"}
{"__ans__": false, "question_key": "AAEAALsDh7svq1KbaXLniisTTIGjpZuxPWOyGFa6QBlwCDT3"}
{"__ans__": true, "question_key": "AAEAAJADgQLjukBHObqE0RoaljSL4qRxaCcRKVpSQuDuO+xs"}
{"__ans__": true, "question_key": "AAEAANy4LqubjJQ9B86jOds+aQ9sOo18meTPR3tHBjVUBfMV"}
{"__ans__": false, "question_key": "AAEAALp1Rx+ia+3gcHpXRxzNSHhmDQEBJTRR+RGhREE0qcau"}
{"__ans__": true, "question_key": "AAEAAJl3O6RD4P0oImi2nVNR756yjIQHKspn6tg1/yOVmTuf"}
{"__ans__": true, "question_key": "AAEAAKOpYFzxPjj1qJIlBmmtHfFhG5blbdj0hKZKTw4UVkvg"}
{"__ans__": true, "question_key": "AAEAAJGCVvcpS4eNsZ3NqIIrVZa9dq/sKgHf+effYHqT0Fsa"}
{"__ans__": true, "question_key": "AAEAAITfqEuGUryZJl9q0pZwSf2gP+7FebVHYk6u2a+xC3lx"}
{"__ans__": false, "question_key": "AAEAAFOAqPXAWt60js4fUTZA4Jz8I5bN3dwJeELRGAHj1zFN"}
{"__ans__": true, "question_key": "AAEAAPwMtnMSLU75xvfanutrxyNWNWuxUqdAGyvEiXLCQP4F"}
{"__ans__": false, "question_key": "AAEAAPnVtCCzvrtgmOtZXSrjI23q/7sbgOYpv6GkxEqq4OkP"}
{"__ans__": false, "question_key": "AAEAAMLvYlHmMOoA+67zp96UtvhdjCCA2d+LWY4t+1KpaMEm"}
{"__ans__": true, "question_key": "AAEAAN+VXdyt6aeITviL53dDZp7JzIOrKVdi4eIHZ8ON5KDY"}
{"__ans__": false, "question_key": "AAEAAB5XzE7J0TUtOVfko8+yC5LPDBVDULXIOHMXIeiwFvz/"}
{"__ans__": true, "question_key": "AAEAALIo0zzDn1VHAIsYtYA9yLFknIFR1UCSb/3f6YbYsggO"}
{"__ans__": false, "question_key": "AAEAAOgU1XVFRy3ObrfNx9YDKZURi8Rru6Cq04Y7GBGwjtcy"}
{"__ans__": true, "question_key": "AAEAAD/nZCBH+HuAfIpihhKQuf9KV0BiPKiDzSImXdGBl63f"}
{"__ans__": true, "question_key": "AAEAABnIe1x6yu7AFmtYkGlHcwO9RPbmfVv5l4X1jJYfYgcs"}
{"__ans__": true, "question_key": "AAEAABJuTCziqj7KtzaDZdsN2S3bbO8vZQWyq0H5lGOMPMIb"}
{"__ans__": false, "question_key": "AAEAAI9dxtvWH8x49fHo0vL9i7SRR6uEA5qsOFdTbW/dc7P5"}
{"__ans__": true, "question_key": "AAEAAO5RRJVlj5y10uAAuwmR8CAUPFRKozfFKX1Da0KCvPY3"}
{"__ans__": false, "question_key": "AAEAAJTp1Ft1874bL05K6cVTGQKa4jgMuVk0VHOfPBfqCwTx"}
{"__ans__": false, "question_key": "AAEAAHVVCAF/76RstbYSnb7KiCWBcQ3DSHemk0sEHFNrDqvg"}
{"__ans__": false, "question_key": "AAEAAEATGmYPxwuUT7tLeIg8eEgRlrGPOSvjqW8EH55/D0W1"}
{"__ans__": false, "question_key": "AAEAAPVFvJM1y8YZcFHRnXdpplvOtJeh/sGhP6tLTyEYRU5L"}
{"__ans__": false, "question_key": "AAEAAEN1C76Ioa1d30d3p2kpb+z285k3+zQpFdOxBx96bVO/"}
{"__ans__": false, "question_key": "AAEAAL0OP/CmTagSy5JfVVkScIP0xMIo9eGVKj2lcVnfJ7jz"}
{"__ans__": true, "question_key": "AAEAAP0jnLT2n7CCLBFnGoLw1fuEiHPR4abA+Zv2qw0ciC5d"}
{"__ans__": false, "question_key": "AAEAALs29LOYW0wIzGmBZusu+3fFs9C9I1KjDhmzR8kzniaz"}
{"__ans__": true, "question_key": "AAEAAPy33vnyRIe8IyMLpS1WcUCkClx0PRex4K21IWc604Bd"}
{"__ans__": true, "question_key": "AAEAAJh2QJP096AWPcU77z2cE/B+wWprauHlvv1sKAaVmYjx"}
{"__ans__": false, "question_key": "AAEAALZ5eQYPR5aGACsiwitAMugl08TTaE8T78pHrR9M3QCd"}
{"__ans__": false, "question_key": "AAEAAKgJ0m/pYprkPFFH6+HY/qbM3XKNwHDcYT/RdvbQ9sGR"}
{"__ans__": false, "question_key": "AAEAAMT8dDS43cUMPV3t9rSoX4HTkSicTkiMg7nLfdCo90PR"}
{"__ans__": false, "question_key": "AAEAAGyntqt0vCiKTgFQQsO4dD7Et6nc1mcRtxfPGVNNGsER"}
{"__ans__": false, "question_key": "AAEAAFIULK8zPRNvMbPg1rz0ymcE4DOGyDx+Fkq2DgCaffve"}
{"__ans__": true, "question_key": "AAEAAKhAILkDVpH9jFN6OAGtLGgrbTqSsZB9caIx9xDeZurJ"}
{"__ans__": true, "question_key": "AAEAANDVVLqTQVq7/oVERCQWpA6v6E0nscwvqv1fMCRl/CmZ"}
{"__ans__": true, "question_key": "AAEAAF4d/WtNo0hTnXs7Cd0yEkuS7tQwqnKVJnIvN2zE7FWA"}
{"__ans__": true, "question_key": "AAEAACOUjL2XpU+tSt19h3f1VeUgEpj6IwcLqHaEeo+5fYKn"}
{"__ans__": true, "question_key": "AAEAABuZNIgzsaX4d5Y7BoW0pQAWx7JSG13yJQcbJkfA9Bdf"}
{"__ans__": false, "question_key": "AAEAALE8yxpwxOAKXDqqnqVjgoL75sU7eziiHtro2w4LFKNB"}
{"__ans__": true, "question_key": "AAEAAOu8Yt1jGQ0vUAezFL2Jvr2dUIVmieSRDPZoqwiwsjxl"}
{"__ans__": true, "question_key": "AAEAAM8K5cLK25/gz7eoZ3bZ1Llkzpg3AYluDrwfBnR9YSr/"}
{"__ans__": false, "question_key": "AAEAAAFTI3vkk29GsYDMxYsHYLwRy7+BsXJnibdy2I7ETLqz"}
{"__ans__": false, "question_key": "AAEAAA0M581YI9udxqj+KzSjjVQfc5uYfsX/RcJ4LgYFGJbH"}
{"__ans__": true, "question_key": "AAEAAM6crBXRCObHVpRLpIlef24We6ycrK/9qk9w1HTNnd66"}
{"__ans__": true, "question_key": "AAEAAIQhQroyEljiTcbUJv44ha8+YCTbrug++Zz01a8zH3yh"}
{"__ans__": false, "question_key": "AAEAAL3ssW0lr8oVjUPV9W1dvuPVwJ2nZiA86QAtxqdmx34k"}
{"__ans__": false, "question_key": "AAEAAGJdY+Bw1b9npa9y2ulLwodrSSV9yv6+SWL57ZKn9TQR"}
{"__ans__": true, "question_key": "AAEAAPLhfqzAnAuqDaZECiZMGLYjAbi9R/D30lHiQJreTHwS"}
{"__ans__": false, "question_key": "AAEAAMI/1cyKEIDdsfiJI/CtehVfz6OScpwbI/euTLsme499"}
{"__ans__": false, "question_key": "AAEAAHZHO/s/B8i2RXfjyBMMfNOnpAM5Heq/Wv6akTDCku0J"}
{"__ans__": false, "question_key": "AAEAAIGjH0hp5KXOPkSiAKRo9WBiF3ZCm7t/ojWds7LdYX0D"}
{"__ans__": true, "question_key": "AAEAAL1e0FN1IDtKT8HuYXFprsbn7qlyxfkm6rs/vN3elv28"}
{"__ans__": true, "question_key": "AAEAAJ9kGsUNnTcgKf9xlebNCCmHqFpjdzvOOw4oM659VwV+"}
{"__ans__": true, "question_key": "AAEAAKVng5uir1n9betmPRKoCsqZLEU1RQFTAaLZjwQRRX/h"}
{"__ans__": true, "question_key": "AAEAAAR7PdpMHtk5ask+ip5XpSZbXziXPIfcB3XezA2xf3w8"}
{"__ans__": true, "question_key": "AAEAADtnr6Wh75PN16RBCWnDPBQY9o66/i8OGy9rCbdkYlEJ"}
{"__ans__": false, "question_key": "AAEAABMQOFVkESOKl/yVyo2T1Io7xBe/wwd2XgQIAARypFfc"}
{"__ans__": false, "question_key": "AAEAABmocc5yW6aYJd79tgsVOVM/1FXPoo1RK7/XmPkGKiKS"}
{"__ans__": false, "question_key": "AAEAAIqZ8rx7zUNhvFEhXg0rqP2x6mxfklHC+9yDMHVWyJDT"}
{"__ans__": false, "question_key": "AAEAAB5LXKZCiUGaaGBrOCU9yFvd8w+pB4vQtEfSGundMTSl"}
{"__ans__": false, "question_key": "AAEAAPPldg+B+4w9uTViyop+fs12a5IxuKSt2Lr2l9tLRxej"}
{"__ans__": false, "question_key": "AAEAAHJGKKe6swd7Jbqhv3yW0SNC/qA21Xq6iUzf41nonDMC"}
{"__ans__": false, "question_key": "AAEAACB1eeEfTA0jeNTmDSTqmExuqm62HMwSFJ7+Y2sE54DQ"}
{"__ans__": true, "question_key": "AAEAAAjryX3GqBuFqnU6NwUhPIGlY3qqw0mB4ArVNIlSdVXR"}
{"__ans__": false, "question_key": "AAEAAPF+lX3gOGuwEyFZd9oDXwVqXec6++DL3nJJDy9rkd/5"}
{"__ans__": false, "question_key": "AAEAAD+lwNXTr9rqzTd5ja2nR4FSB4sDHXpkDLXMYlPkV54U"}
{"__ans__": false, "question_key": "AAEAAKpDJGcXa6TRDuDJBBG8UQZEnFgLeB8yacWSq52OEpew"}
{"__ans__": false, "question_key": "AAEAAOiIfurVkF2k+cp91Y5oTE2HKaqWTqkw9p1Pij28c+e8"}
{"__ans__": false, "question_key": "AAEAAMR0an9caBSzD7zT7VkHWhxQgORbevx49WhDX0jd/3kI"}
{"__ans__": false, "question_key": "AAEAAH5gY8pVUwmHgqgAA6lot9dkoPjB+8HJhZ4SW32eIBSN"}
{"__ans__": false, "question_key": "AAEAAIcEYHglAcC5uWw9ZMaxHQXY1ZZ4TbtXcOlutOQ894n7"}
{"__ans__": false, "question_key": "AAEAAOIX4VnxAVj94jMiNqvDys4Bld0wIttr2kErnaj7ePWC"}
{"__ans__": false, "question_key": "AAEAAMIZUxmFVNVGudmcnDYQXzygnMRrpZikGhrHrT8Bdf1e"}
{"__ans__": false, "question_key": "AAEAAOqyE8sJq3EfFp0wH/RUMm0WI9a+mgrYXHMx2V0RQ92b"}
{"__ans__": false, "question_key": "AAEAAMkReoM5sRMY/QtX0mOrc4p5/ta8R5PlhnKlfzaUh/g/"}
{"__ans__": true, "question_key": "AAEAAKpDmiBEjD7g4WhWQDCw94rML96LcYMH/VHKAijJ4Fne"}
{"__ans__": true, "question_key": "AAEAAMJg3Shth9t3GllffbYYZOx27wznbf7Y+Y8Q5bPbcdT0"}
{"__ans__": false, "question_key": "AAEAAP3utqMbXiH2DHg740hip8vKsH/4+WVUn3rJ3pX8G1aW"}
{"__ans__": false, "question_key": "AAEAACxtvGx4OcXs/EJoEbiuddt+MrsxYw09Qi6oJj4MtZ35"}
{"__ans__": true, "question_key": "AAEAAHs/GL7pW/xdmyt1nxOR4IC2+cXhDGy1i40ha0KGPl2D"}
{"__ans__": true, "question_key": "AAEAAJTz2D4o12fihfm9cpLa9Jy65Bf2VwDxqCeObnXo8wMv"}
{"__ans__": false, "question_key": "AAEAAAtOhK3NKZ2BdxlO21KjHW9mBGVM7K7F9y5Y9s4YlwY/"}
{"__ans__": true, "question_key": "AAEAAI55rGXOF4wZiVMRBXgbQsaI564z1EUvEwcqWIzcFAco"}
{"__ans__": true, "question_key": "AAEAAErkI4kTIVSAZlgDuXvCh7z05jAwVLlIQeaaglIHrsUc"}
{"__ans__": false, "question_key": "AAEAAEgAcfyIVpjARKqI2Er9SYi4ECijnoepWZsK57BGLk+u"}
{"__ans__": false, "question_key": "AAEAANrXmcwDyLevcd9BEd3Bk6rqyguBW2F9ajJZV8hMLSLG"}
{"__ans__": true, "question_key": "AAEAAFrXfeAiEpKPXL80W1YSnjTcKFDH0MgQ/9K+PB7IheDt"}
{"__ans__": false, "question_key": "AAEAAPsnBFADZs3IIyxv+aiWDm2o+Z4k5AMSF1nGFIf+a2K4"}
{"__ans__": true, "question_key": "AAEAAL7RnYPENBfVtJgHlZbh6kaNYeCNzATkgfF1rgZrZqpY"}
{"__ans__": true, "question_key": "AAEAAAj6LoS9R4G2MQbV0swbcldnP+Gb0cDygS+H9LWf6uit"}
{"__ans__": true, "question_key": "AAEAAJXfpp9RL28j7gBS5VFVWhDZZeOrWeQAtg5fRi2cNwoJ"}
{"__ans__": false, "question_key": "AAEAAI9LgeZSCJZX5XvRqBupFpzbpfnip0r1ghSB+v5yYvBR"}
{"__ans__": true, "question_key": "AAEAABT/4M4G0lW2EkNt7ATkknhc+OkX+aSLOkVGyo3ixv6/"}
{"__ans__": true, "question_key": "AAEAADPhqwevuFstJX2ALvEFjKVIu6dCjBxPtYYTRJLr0YNV"}
{"__ans__": false, "question_key": "AAEAAOa+a88m5ptuAV7W6GSx1cv8MVfQNJWdQmqkhYILXYq8"}
{"__ans__": false, "question_key": "AAEAANMUNJJHu5y/fy0U2jAoobgeVRk96LiCXKjQ33dVJ2S1"}
{"__ans__": true, "question_key": "AAEAADn1eKXPLeHPMR7FXZz7pnBGRqq6oaoZhephVh7Tdewn"}
{"__ans__": false, "question_key": "AAEAAMWI3ZguKCs7/+Zw72gynkb0ESeFJfPIoaYOa2J96fzz"}
{"__ans__": true, "question_key": "AAEAAF8VFUv8pFRPlUCKq5VDd7EIoV/uIAQrkY2xOJ73GO1u"}
{"__ans__": false, "question_key": "AAEAAND+CgY8J/WNAVfgTPW3/laGUwF834XOOaGfqPLqkjRo"}
{"__ans__": false, "question_key": "AAEAAHHeYSg5SbKBRQ4AsGjiRQD7fYub3uVwoZjhFBuff6Fq"}
{"__ans__": true, "question_key": "AAEAACQHTWs3gtPebkx1kdibcM4RPFFPDS/e3Fq40JJq5n2Y"}
{"__ans__": true, "question_key": "AAEAAOCkRyXDpntiNmC1pvCiSq+zt965u69+sRpcMSWzUM5l"}
{"__ans__": false, "question_key": "AAEAALbeOgAMmxGX0fN3Y5g2S4b60xOHnjoGJ3qi+oBLm5ND"}
{"__ans__": false, "question_key": "AAEAAJAz5xqrtJQ8AV4COtBUmwkdIlBH57xVf49TkvbHDUh0"}
{"__ans__": true, "question_key": "AAEAAI+SkW/tVpsvslf0cKmX2sz4x0/pqdx31DyKam1LzVNK"}
{"__ans__": true, "question_key": "AAEAAG98Y0X7aDAic9irWWBsH8P0/Ews5Dj6GvOTsRx0WjEc"}
{"__ans__": false, "question_key": "AAEAANojWtF6+c2KPUXdHhTJOUCy1pPddLygDZ5NPx0U6We1"}
{"__ans__": false, "question_key": "AAEAAHekyewM4LuqGsvLq8f4mMwq2dmH9YCHA3EI49gmtm0G"}
{"__ans__": false, "question_key": "AAEAAGdyweITYIPn9hR6UnukDSOIRPeJcg/pyC2G2wZO/0S3"}
{"__ans__": false, "question_key": "AAEAALnAIbahaMRdde02UNy5cxczDqpb/lvzmDLUedWUvS6K"}
{"__ans__": false, "question_key": "AAEAAGX4xN5NUF201Bwy5rKhwE2o9SI2UYX7OA9zNl2Xl4Ef"}
{"__ans__": true, "question_key": "AAEAAPB+wn4nPV/YMxDXTRSi1cpLPW6rxX71dzy8z6Ny/VPu"}
{"__ans__": true, "question_key": "AAEAAC5JEEdoSAEPAQNuDfDfP54B7Zl7AZU+f5Lv0W2Pd0Hv"}
{"__ans__": false, "question_key": "AAEAAJ+XHdKAAbvQYd+fQX31B/PEy4Vl8OHMXhg7oSxVSHtC"}
{"__ans__": true, "question_key": "AAEAAHft5Urjr+KnDAJQklzQvkzMEOrReyRLURYEaZVFiJF5"}
{"__ans__": true, "question_key": "AAEAAPaqIE/1U7e7P7aAJlJMTMor3o/2I5wxhPNj3LTTLD+G"}
{"__ans__": false, "question_key": "AAEAAHabEjqqWmnNyyyO4acMeYqEaL4jc4Oj+qjKBdFyREHP"}
